Classic Timing Analyzer report for sw_pc_ar
Tue Mar 09 13:05:33 2021
Quartus II Version 9.0 Build 184 04/29/2009 Service Pack 1 SJ Web Edition


---------------------
; Table of Contents ;
---------------------
  1. Legal Notice
  2. Timing Analyzer Summary
  3. Timing Analyzer Settings
  4. Clock Settings Summary
  5. Parallel Compilation
  6. Clock Setup: 'Clk_cdu'
  7. tsu
  8. tco
  9. tpd
 10. th
 11. Timing Analyzer Messages



----------------
; Legal Notice ;
----------------
Copyright (C) 1991-2009 Altera Corporation
Your use of Altera Corporation's design tools, logic functions 
and other software and tools, and its AMPP partner logic 
functions, and any output files from any of the foregoing 
(including device programming or simulation files), and any 
associated documentation or information are expressly subject 
to the terms and conditions of the Altera Program License 
Subscription Agreement, Altera MegaCore Function License 
Agreement, or other applicable license agreement, including, 
without limitation, that your use is for the sole purpose of 
programming logic devices manufactured by Altera and sold by 
Altera or its authorized distributors.  Please refer to the 
applicable agreement for further details.



+----------------------------------------------------------------------------------------------------------------------------------------------------------------------------------------------------------------------------------------------------------------------------+
; Timing Analyzer Summary                                                                                                                                                                                                                                                    ;
+------------------------------+-------+---------------+----------------------------------+---------------------------------------------------------------------+---------------------------------------------------------------------+------------+----------+--------------+
; Type                         ; Slack ; Required Time ; Actual Time                      ; From                                                                ; To                                                                  ; From Clock ; To Clock ; Failed Paths ;
+------------------------------+-------+---------------+----------------------------------+---------------------------------------------------------------------+---------------------------------------------------------------------+------------+----------+--------------+
; Worst-case tsu               ; N/A   ; None          ; 11.600 ns                        ; d[0]                                                                ; lpm_counter:pc_rtl_0|alt_counter_f10ke:wysi_counter|counter_cell[0] ; --         ; Clk_cdu  ; 0            ;
; Worst-case tco               ; N/A   ; None          ; 20.800 ns                        ; lpm_counter:pc_rtl_0|alt_counter_f10ke:wysi_counter|counter_cell[0] ; d[0]                                                                ; Clk_cdu    ; --       ; 0            ;
; Worst-case tpd               ; N/A   ; None          ; 18.000 ns                        ; d[0]                                                                ; d[0]                                                                ; --         ; --       ; 0            ;
; Worst-case th                ; N/A   ; None          ; 1.000 ns                         ; ldar                                                                ; ar[7]                                                               ; --         ; Clk_cdu  ; 0            ;
; Clock Setup: 'Clk_cdu'       ; N/A   ; None          ; 69.44 MHz ( period = 14.400 ns ) ; lpm_counter:pc_rtl_0|alt_counter_f10ke:wysi_counter|counter_cell[7] ; lpm_counter:pc_rtl_0|alt_counter_f10ke:wysi_counter|counter_cell[7] ; Clk_cdu    ; Clk_cdu  ; 0            ;
; Total number of failed paths ;       ;               ;                                  ;                                                                     ;                                                                     ;            ;          ; 0            ;
+------------------------------+-------+---------------+----------------------------------+---------------------------------------------------------------------+---------------------------------------------------------------------+------------+----------+--------------+


+--------------------------------------------------------------------------------------------------------------------+
; Timing Analyzer Settings                                                                                           ;
+---------------------------------------------------------------------+--------------------+------+----+-------------+
; Option                                                              ; Setting            ; From ; To ; Entity Name ;
+---------------------------------------------------------------------+--------------------+------+----+-------------+
; Device Name                                                         ; EPF10K10TC144-4    ;      ;    ;             ;
; Timing Models                                                       ; Final              ;      ;    ;             ;
; Default hold multicycle                                             ; Same as Multicycle ;      ;    ;             ;
; Cut paths between unrelated clock domains                           ; On                 ;      ;    ;             ;
; Cut off read during write signal paths                              ; On                 ;      ;    ;             ;
; Cut off feedback from I/O pins                                      ; On                 ;      ;    ;             ;
; Report Combined Fast/Slow Timing                                    ; Off                ;      ;    ;             ;
; Ignore Clock Settings                                               ; Off                ;      ;    ;             ;
; Analyze latches as synchronous elements                             ; On                 ;      ;    ;             ;
; Enable Recovery/Removal analysis                                    ; Off                ;      ;    ;             ;
; Enable Clock Latency                                                ; Off                ;      ;    ;             ;
; Use TimeQuest Timing Analyzer                                       ; Off                ;      ;    ;             ;
; Minimum Core Junction Temperature                                   ; 0                  ;      ;    ;             ;
; Maximum Core Junction Temperature                                   ; 85                 ;      ;    ;             ;
; Number of source nodes to report per destination node               ; 10                 ;      ;    ;             ;
; Number of destination nodes to report                               ; 10                 ;      ;    ;             ;
; Number of paths to report                                           ; 200                ;      ;    ;             ;
; Report Minimum Timing Checks                                        ; Off                ;      ;    ;             ;
; Use Fast Timing Models                                              ; Off                ;      ;    ;             ;
; Report IO Paths Separately                                          ; Off                ;      ;    ;             ;
; Perform Multicorner Analysis                                        ; Off                ;      ;    ;             ;
; Reports the worst-case path for each clock domain and analysis      ; Off                ;      ;    ;             ;
; Removes common clock path pessimism (CCPP) during slack computation ; Off                ;      ;    ;             ;
; Output I/O Timing Endpoint                                          ; Near End           ;      ;    ;             ;
+---------------------------------------------------------------------+--------------------+------+----+-------------+


+------------------------------------------------------------------------------------------------------------------------------------------------------------------------------------+
; Clock Settings Summary                                                                                                                                                             ;
+-----------------+--------------------+----------+------------------+---------------+--------------+----------+-----------------------+---------------------+--------+--------------+
; Clock Node Name ; Clock Setting Name ; Type     ; Fmax Requirement ; Early Latency ; Late Latency ; Based on ; Multiply Base Fmax by ; Divide Base Fmax by ; Offset ; Phase offset ;
+-----------------+--------------------+----------+------------------+---------------+--------------+----------+-----------------------+---------------------+--------+--------------+
; Clk_cdu         ;                    ; User Pin ; None             ; 0.000 ns      ; 0.000 ns     ; --       ; N/A                   ; N/A                 ; N/A    ;              ;
+-----------------+--------------------+----------+------------------+---------------+--------------+----------+-----------------------+---------------------+--------+--------------+


Parallel compilation was disabled, but you have multiple processors available. Enable parallel compilation to reduce compilation time.
+-------------------------------------+
; Parallel Compilation                ;
+----------------------------+--------+
; Processors                 ; Number ;
+----------------------------+--------+
; Number detected on machine ; 6      ;
; Maximum allowed            ; 1      ;
+----------------------------+--------+


+----------------------------------------------------------------------------------------------------------------------------------------------------------------------------------------------------------------------------------------------------------------------------------------------------------------+
; Clock Setup: 'Clk_cdu'                                                                                                                                                                                                                                                                                         ;
+-------+------------------------------------------------+---------------------------------------------------------------------+---------------------------------------------------------------------+------------+----------+-----------------------------+---------------------------+-------------------------+
; Slack ; Actual fmax (period)                           ; From                                                                ; To                                                                  ; From Clock ; To Clock ; Required Setup Relationship ; Required Longest P2P Time ; Actual Longest P2P Time ;
+-------+------------------------------------------------+---------------------------------------------------------------------+---------------------------------------------------------------------+------------+----------+-----------------------------+---------------------------+-------------------------+
; N/A   ; 69.44 MHz ( period = 14.400 ns )               ; lpm_counter:pc_rtl_0|alt_counter_f10ke:wysi_counter|counter_cell[0] ; lpm_counter:pc_rtl_0|alt_counter_f10ke:wysi_counter|counter_cell[0] ; Clk_cdu    ; Clk_cdu  ; None                        ; None                      ; 10.800 ns               ;
; N/A   ; 69.44 MHz ( period = 14.400 ns )               ; lpm_counter:pc_rtl_0|alt_counter_f10ke:wysi_counter|counter_cell[1] ; lpm_counter:pc_rtl_0|alt_counter_f10ke:wysi_counter|counter_cell[1] ; Clk_cdu    ; Clk_cdu  ; None                        ; None                      ; 10.800 ns               ;
; N/A   ; 69.44 MHz ( period = 14.400 ns )               ; lpm_counter:pc_rtl_0|alt_counter_f10ke:wysi_counter|counter_cell[2] ; lpm_counter:pc_rtl_0|alt_counter_f10ke:wysi_counter|counter_cell[2] ; Clk_cdu    ; Clk_cdu  ; None                        ; None                      ; 10.800 ns               ;
; N/A   ; 69.44 MHz ( period = 14.400 ns )               ; lpm_counter:pc_rtl_0|alt_counter_f10ke:wysi_counter|counter_cell[3] ; lpm_counter:pc_rtl_0|alt_counter_f10ke:wysi_counter|counter_cell[3] ; Clk_cdu    ; Clk_cdu  ; None                        ; None                      ; 10.800 ns               ;
; N/A   ; 69.44 MHz ( period = 14.400 ns )               ; lpm_counter:pc_rtl_0|alt_counter_f10ke:wysi_counter|counter_cell[4] ; lpm_counter:pc_rtl_0|alt_counter_f10ke:wysi_counter|counter_cell[4] ; Clk_cdu    ; Clk_cdu  ; None                        ; None                      ; 10.800 ns               ;
; N/A   ; 69.44 MHz ( period = 14.400 ns )               ; lpm_counter:pc_rtl_0|alt_counter_f10ke:wysi_counter|counter_cell[5] ; lpm_counter:pc_rtl_0|alt_counter_f10ke:wysi_counter|counter_cell[5] ; Clk_cdu    ; Clk_cdu  ; None                        ; None                      ; 10.800 ns               ;
; N/A   ; 69.44 MHz ( period = 14.400 ns )               ; lpm_counter:pc_rtl_0|alt_counter_f10ke:wysi_counter|counter_cell[6] ; lpm_counter:pc_rtl_0|alt_counter_f10ke:wysi_counter|counter_cell[6] ; Clk_cdu    ; Clk_cdu  ; None                        ; None                      ; 10.800 ns               ;
; N/A   ; 69.44 MHz ( period = 14.400 ns )               ; lpm_counter:pc_rtl_0|alt_counter_f10ke:wysi_counter|counter_cell[7] ; lpm_counter:pc_rtl_0|alt_counter_f10ke:wysi_counter|counter_cell[7] ; Clk_cdu    ; Clk_cdu  ; None                        ; None                      ; 10.800 ns               ;
; N/A   ; 83.33 MHz ( period = 12.000 ns )               ; lpm_counter:pc_rtl_0|alt_counter_f10ke:wysi_counter|counter_cell[4] ; ar[4]                                                               ; Clk_cdu    ; Clk_cdu  ; None                        ; None                      ; 8.400 ns                ;
; N/A   ; 83.33 MHz ( period = 12.000 ns )               ; lpm_counter:pc_rtl_0|alt_counter_f10ke:wysi_counter|counter_cell[7] ; ar[7]                                                               ; Clk_cdu    ; Clk_cdu  ; None                        ; None                      ; 8.400 ns                ;
; N/A   ; 96.15 MHz ( period = 10.400 ns )               ; lpm_counter:pc_rtl_0|alt_counter_f10ke:wysi_counter|counter_cell[0] ; ar[0]                                                               ; Clk_cdu    ; Clk_cdu  ; None                        ; None                      ; 6.800 ns                ;
; N/A   ; 96.15 MHz ( period = 10.400 ns )               ; lpm_counter:pc_rtl_0|alt_counter_f10ke:wysi_counter|counter_cell[1] ; ar[1]                                                               ; Clk_cdu    ; Clk_cdu  ; None                        ; None                      ; 6.800 ns                ;
; N/A   ; 96.15 MHz ( period = 10.400 ns )               ; lpm_counter:pc_rtl_0|alt_counter_f10ke:wysi_counter|counter_cell[2] ; ar[2]                                                               ; Clk_cdu    ; Clk_cdu  ; None                        ; None                      ; 6.800 ns                ;
; N/A   ; 96.15 MHz ( period = 10.400 ns )               ; lpm_counter:pc_rtl_0|alt_counter_f10ke:wysi_counter|counter_cell[3] ; ar[3]                                                               ; Clk_cdu    ; Clk_cdu  ; None                        ; None                      ; 6.800 ns                ;
; N/A   ; 96.15 MHz ( period = 10.400 ns )               ; lpm_counter:pc_rtl_0|alt_counter_f10ke:wysi_counter|counter_cell[5] ; ar[5]                                                               ; Clk_cdu    ; Clk_cdu  ; None                        ; None                      ; 6.800 ns                ;
; N/A   ; 96.15 MHz ( period = 10.400 ns )               ; lpm_counter:pc_rtl_0|alt_counter_f10ke:wysi_counter|counter_cell[6] ; ar[6]                                                               ; Clk_cdu    ; Clk_cdu  ; None                        ; None                      ; 6.800 ns                ;
; N/A   ; Restricted to 125.00 MHz ( period = 8.000 ns ) ; lpm_counter:pc_rtl_0|alt_counter_f10ke:wysi_counter|counter_cell[0] ; lpm_counter:pc_rtl_0|alt_counter_f10ke:wysi_counter|counter_cell[7] ; Clk_cdu    ; Clk_cdu  ; None                        ; None                      ; 3.700 ns                ;
; N/A   ; Restricted to 125.00 MHz ( period = 8.000 ns ) ; lpm_counter:pc_rtl_0|alt_counter_f10ke:wysi_counter|counter_cell[0] ; lpm_counter:pc_rtl_0|alt_counter_f10ke:wysi_counter|counter_cell[6] ; Clk_cdu    ; Clk_cdu  ; None                        ; None                      ; 3.400 ns                ;
; N/A   ; Restricted to 125.00 MHz ( period = 8.000 ns ) ; lpm_counter:pc_rtl_0|alt_counter_f10ke:wysi_counter|counter_cell[1] ; lpm_counter:pc_rtl_0|alt_counter_f10ke:wysi_counter|counter_cell[7] ; Clk_cdu    ; Clk_cdu  ; None                        ; None                      ; 3.400 ns                ;
; N/A   ; Restricted to 125.00 MHz ( period = 8.000 ns ) ; lpm_counter:pc_rtl_0|alt_counter_f10ke:wysi_counter|counter_cell[0] ; lpm_counter:pc_rtl_0|alt_counter_f10ke:wysi_counter|counter_cell[5] ; Clk_cdu    ; Clk_cdu  ; None                        ; None                      ; 3.100 ns                ;
; N/A   ; Restricted to 125.00 MHz ( period = 8.000 ns ) ; lpm_counter:pc_rtl_0|alt_counter_f10ke:wysi_counter|counter_cell[1] ; lpm_counter:pc_rtl_0|alt_counter_f10ke:wysi_counter|counter_cell[6] ; Clk_cdu    ; Clk_cdu  ; None                        ; None                      ; 3.100 ns                ;
; N/A   ; Restricted to 125.00 MHz ( period = 8.000 ns ) ; lpm_counter:pc_rtl_0|alt_counter_f10ke:wysi_counter|counter_cell[2] ; lpm_counter:pc_rtl_0|alt_counter_f10ke:wysi_counter|counter_cell[7] ; Clk_cdu    ; Clk_cdu  ; None                        ; None                      ; 3.100 ns                ;
; N/A   ; Restricted to 125.00 MHz ( period = 8.000 ns ) ; lpm_counter:pc_rtl_0|alt_counter_f10ke:wysi_counter|counter_cell[0] ; lpm_counter:pc_rtl_0|alt_counter_f10ke:wysi_counter|counter_cell[4] ; Clk_cdu    ; Clk_cdu  ; None                        ; None                      ; 2.800 ns                ;
; N/A   ; Restricted to 125.00 MHz ( period = 8.000 ns ) ; lpm_counter:pc_rtl_0|alt_counter_f10ke:wysi_counter|counter_cell[1] ; lpm_counter:pc_rtl_0|alt_counter_f10ke:wysi_counter|counter_cell[5] ; Clk_cdu    ; Clk_cdu  ; None                        ; None                      ; 2.800 ns                ;
; N/A   ; Restricted to 125.00 MHz ( period = 8.000 ns ) ; lpm_counter:pc_rtl_0|alt_counter_f10ke:wysi_counter|counter_cell[2] ; lpm_counter:pc_rtl_0|alt_counter_f10ke:wysi_counter|counter_cell[6] ; Clk_cdu    ; Clk_cdu  ; None                        ; None                      ; 2.800 ns                ;
; N/A   ; Restricted to 125.00 MHz ( period = 8.000 ns ) ; lpm_counter:pc_rtl_0|alt_counter_f10ke:wysi_counter|counter_cell[3] ; lpm_counter:pc_rtl_0|alt_counter_f10ke:wysi_counter|counter_cell[7] ; Clk_cdu    ; Clk_cdu  ; None                        ; None                      ; 2.800 ns                ;
; N/A   ; Restricted to 125.00 MHz ( period = 8.000 ns ) ; lpm_counter:pc_rtl_0|alt_counter_f10ke:wysi_counter|counter_cell[0] ; lpm_counter:pc_rtl_0|alt_counter_f10ke:wysi_counter|counter_cell[3] ; Clk_cdu    ; Clk_cdu  ; None                        ; None                      ; 2.500 ns                ;
; N/A   ; Restricted to 125.00 MHz ( period = 8.000 ns ) ; lpm_counter:pc_rtl_0|alt_counter_f10ke:wysi_counter|counter_cell[1] ; lpm_counter:pc_rtl_0|alt_counter_f10ke:wysi_counter|counter_cell[4] ; Clk_cdu    ; Clk_cdu  ; None                        ; None                      ; 2.500 ns                ;
; N/A   ; Restricted to 125.00 MHz ( period = 8.000 ns ) ; lpm_counter:pc_rtl_0|alt_counter_f10ke:wysi_counter|counter_cell[2] ; lpm_counter:pc_rtl_0|alt_counter_f10ke:wysi_counter|counter_cell[5] ; Clk_cdu    ; Clk_cdu  ; None                        ; None                      ; 2.500 ns                ;
; N/A   ; Restricted to 125.00 MHz ( period = 8.000 ns ) ; lpm_counter:pc_rtl_0|alt_counter_f10ke:wysi_counter|counter_cell[3] ; lpm_counter:pc_rtl_0|alt_counter_f10ke:wysi_counter|counter_cell[6] ; Clk_cdu    ; Clk_cdu  ; None                        ; None                      ; 2.500 ns                ;
; N/A   ; Restricted to 125.00 MHz ( period = 8.000 ns ) ; lpm_counter:pc_rtl_0|alt_counter_f10ke:wysi_counter|counter_cell[4] ; lpm_counter:pc_rtl_0|alt_counter_f10ke:wysi_counter|counter_cell[7] ; Clk_cdu    ; Clk_cdu  ; None                        ; None                      ; 2.500 ns                ;
; N/A   ; Restricted to 125.00 MHz ( period = 8.000 ns ) ; lpm_counter:pc_rtl_0|alt_counter_f10ke:wysi_counter|counter_cell[0] ; lpm_counter:pc_rtl_0|alt_counter_f10ke:wysi_counter|counter_cell[2] ; Clk_cdu    ; Clk_cdu  ; None                        ; None                      ; 2.200 ns                ;
; N/A   ; Restricted to 125.00 MHz ( period = 8.000 ns ) ; lpm_counter:pc_rtl_0|alt_counter_f10ke:wysi_counter|counter_cell[1] ; lpm_counter:pc_rtl_0|alt_counter_f10ke:wysi_counter|counter_cell[3] ; Clk_cdu    ; Clk_cdu  ; None                        ; None                      ; 2.200 ns                ;
; N/A   ; Restricted to 125.00 MHz ( period = 8.000 ns ) ; lpm_counter:pc_rtl_0|alt_counter_f10ke:wysi_counter|counter_cell[2] ; lpm_counter:pc_rtl_0|alt_counter_f10ke:wysi_counter|counter_cell[4] ; Clk_cdu    ; Clk_cdu  ; None                        ; None                      ; 2.200 ns                ;
; N/A   ; Restricted to 125.00 MHz ( period = 8.000 ns ) ; lpm_counter:pc_rtl_0|alt_counter_f10ke:wysi_counter|counter_cell[3] ; lpm_counter:pc_rtl_0|alt_counter_f10ke:wysi_counter|counter_cell[5] ; Clk_cdu    ; Clk_cdu  ; None                        ; None                      ; 2.200 ns                ;
; N/A   ; Restricted to 125.00 MHz ( period = 8.000 ns ) ; lpm_counter:pc_rtl_0|alt_counter_f10ke:wysi_counter|counter_cell[4] ; lpm_counter:pc_rtl_0|alt_counter_f10ke:wysi_counter|counter_cell[6] ; Clk_cdu    ; Clk_cdu  ; None                        ; None                      ; 2.200 ns                ;
; N/A   ; Restricted to 125.00 MHz ( period = 8.000 ns ) ; lpm_counter:pc_rtl_0|alt_counter_f10ke:wysi_counter|counter_cell[5] ; lpm_counter:pc_rtl_0|alt_counter_f10ke:wysi_counter|counter_cell[7] ; Clk_cdu    ; Clk_cdu  ; None                        ; None                      ; 2.200 ns                ;
; N/A   ; Restricted to 125.00 MHz ( period = 8.000 ns ) ; lpm_counter:pc_rtl_0|alt_counter_f10ke:wysi_counter|counter_cell[0] ; lpm_counter:pc_rtl_0|alt_counter_f10ke:wysi_counter|counter_cell[1] ; Clk_cdu    ; Clk_cdu  ; None                        ; None                      ; 1.900 ns                ;
; N/A   ; Restricted to 125.00 MHz ( period = 8.000 ns ) ; lpm_counter:pc_rtl_0|alt_counter_f10ke:wysi_counter|counter_cell[1] ; lpm_counter:pc_rtl_0|alt_counter_f10ke:wysi_counter|counter_cell[2] ; Clk_cdu    ; Clk_cdu  ; None                        ; None                      ; 1.900 ns                ;
; N/A   ; Restricted to 125.00 MHz ( period = 8.000 ns ) ; lpm_counter:pc_rtl_0|alt_counter_f10ke:wysi_counter|counter_cell[2] ; lpm_counter:pc_rtl_0|alt_counter_f10ke:wysi_counter|counter_cell[3] ; Clk_cdu    ; Clk_cdu  ; None                        ; None                      ; 1.900 ns                ;
; N/A   ; Restricted to 125.00 MHz ( period = 8.000 ns ) ; lpm_counter:pc_rtl_0|alt_counter_f10ke:wysi_counter|counter_cell[3] ; lpm_counter:pc_rtl_0|alt_counter_f10ke:wysi_counter|counter_cell[4] ; Clk_cdu    ; Clk_cdu  ; None                        ; None                      ; 1.900 ns                ;
; N/A   ; Restricted to 125.00 MHz ( period = 8.000 ns ) ; lpm_counter:pc_rtl_0|alt_counter_f10ke:wysi_counter|counter_cell[4] ; lpm_counter:pc_rtl_0|alt_counter_f10ke:wysi_counter|counter_cell[5] ; Clk_cdu    ; Clk_cdu  ; None                        ; None                      ; 1.900 ns                ;
; N/A   ; Restricted to 125.00 MHz ( period = 8.000 ns ) ; lpm_counter:pc_rtl_0|alt_counter_f10ke:wysi_counter|counter_cell[5] ; lpm_counter:pc_rtl_0|alt_counter_f10ke:wysi_counter|counter_cell[6] ; Clk_cdu    ; Clk_cdu  ; None                        ; None                      ; 1.900 ns                ;
; N/A   ; Restricted to 125.00 MHz ( period = 8.000 ns ) ; lpm_counter:pc_rtl_0|alt_counter_f10ke:wysi_counter|counter_cell[6] ; lpm_counter:pc_rtl_0|alt_counter_f10ke:wysi_counter|counter_cell[7] ; Clk_cdu    ; Clk_cdu  ; None                        ; None                      ; 1.900 ns                ;
+-------+------------------------------------------------+---------------------------------------------------------------------+---------------------------------------------------------------------+------------+----------+-----------------------------+---------------------------+-------------------------+


+--------------------------------------------------------------------------------------------------------------------------------+
; tsu                                                                                                                            ;
+-------+--------------+------------+-----------+---------------------------------------------------------------------+----------+
; Slack ; Required tsu ; Actual tsu ; From      ; To                                                                  ; To Clock ;
+-------+--------------+------------+-----------+---------------------------------------------------------------------+----------+
; N/A   ; None         ; 11.600 ns  ; d[5]      ; lpm_counter:pc_rtl_0|alt_counter_f10ke:wysi_counter|counter_cell[5] ; Clk_cdu  ;
; N/A   ; None         ; 11.600 ns  ; d[4]      ; lpm_counter:pc_rtl_0|alt_counter_f10ke:wysi_counter|counter_cell[4] ; Clk_cdu  ;
; N/A   ; None         ; 11.600 ns  ; d[1]      ; lpm_counter:pc_rtl_0|alt_counter_f10ke:wysi_counter|counter_cell[1] ; Clk_cdu  ;
; N/A   ; None         ; 11.600 ns  ; d[0]      ; lpm_counter:pc_rtl_0|alt_counter_f10ke:wysi_counter|counter_cell[0] ; Clk_cdu  ;
; N/A   ; None         ; 11.500 ns  ; d[7]      ; lpm_counter:pc_rtl_0|alt_counter_f10ke:wysi_counter|counter_cell[7] ; Clk_cdu  ;
; N/A   ; None         ; 11.500 ns  ; d[6]      ; lpm_counter:pc_rtl_0|alt_counter_f10ke:wysi_counter|counter_cell[6] ; Clk_cdu  ;
; N/A   ; None         ; 11.500 ns  ; d[3]      ; lpm_counter:pc_rtl_0|alt_counter_f10ke:wysi_counter|counter_cell[3] ; Clk_cdu  ;
; N/A   ; None         ; 11.500 ns  ; d[2]      ; lpm_counter:pc_rtl_0|alt_counter_f10ke:wysi_counter|counter_cell[2] ; Clk_cdu  ;
; N/A   ; None         ; 10.800 ns  ; inputd[5] ; lpm_counter:pc_rtl_0|alt_counter_f10ke:wysi_counter|counter_cell[5] ; Clk_cdu  ;
; N/A   ; None         ; 10.700 ns  ; pc_bus    ; lpm_counter:pc_rtl_0|alt_counter_f10ke:wysi_counter|counter_cell[0] ; Clk_cdu  ;
; N/A   ; None         ; 10.700 ns  ; pc_bus    ; lpm_counter:pc_rtl_0|alt_counter_f10ke:wysi_counter|counter_cell[1] ; Clk_cdu  ;
; N/A   ; None         ; 10.700 ns  ; pc_bus    ; lpm_counter:pc_rtl_0|alt_counter_f10ke:wysi_counter|counter_cell[2] ; Clk_cdu  ;
; N/A   ; None         ; 10.700 ns  ; pc_bus    ; lpm_counter:pc_rtl_0|alt_counter_f10ke:wysi_counter|counter_cell[3] ; Clk_cdu  ;
; N/A   ; None         ; 10.700 ns  ; pc_bus    ; lpm_counter:pc_rtl_0|alt_counter_f10ke:wysi_counter|counter_cell[4] ; Clk_cdu  ;
; N/A   ; None         ; 10.700 ns  ; sw_bus    ; lpm_counter:pc_rtl_0|alt_counter_f10ke:wysi_counter|counter_cell[0] ; Clk_cdu  ;
; N/A   ; None         ; 10.700 ns  ; sw_bus    ; lpm_counter:pc_rtl_0|alt_counter_f10ke:wysi_counter|counter_cell[1] ; Clk_cdu  ;
; N/A   ; None         ; 10.700 ns  ; sw_bus    ; lpm_counter:pc_rtl_0|alt_counter_f10ke:wysi_counter|counter_cell[2] ; Clk_cdu  ;
; N/A   ; None         ; 10.700 ns  ; sw_bus    ; lpm_counter:pc_rtl_0|alt_counter_f10ke:wysi_counter|counter_cell[3] ; Clk_cdu  ;
; N/A   ; None         ; 10.700 ns  ; sw_bus    ; lpm_counter:pc_rtl_0|alt_counter_f10ke:wysi_counter|counter_cell[4] ; Clk_cdu  ;
; N/A   ; None         ; 10.600 ns  ; pcen      ; lpm_counter:pc_rtl_0|alt_counter_f10ke:wysi_counter|counter_cell[0] ; Clk_cdu  ;
; N/A   ; None         ; 10.600 ns  ; pcen      ; lpm_counter:pc_rtl_0|alt_counter_f10ke:wysi_counter|counter_cell[1] ; Clk_cdu  ;
; N/A   ; None         ; 10.600 ns  ; pcen      ; lpm_counter:pc_rtl_0|alt_counter_f10ke:wysi_counter|counter_cell[2] ; Clk_cdu  ;
; N/A   ; None         ; 10.600 ns  ; pcen      ; lpm_counter:pc_rtl_0|alt_counter_f10ke:wysi_counter|counter_cell[3] ; Clk_cdu  ;
; N/A   ; None         ; 10.600 ns  ; pcen      ; lpm_counter:pc_rtl_0|alt_counter_f10ke:wysi_counter|counter_cell[4] ; Clk_cdu  ;
; N/A   ; None         ; 10.600 ns  ; pcen      ; lpm_counter:pc_rtl_0|alt_counter_f10ke:wysi_counter|counter_cell[5] ; Clk_cdu  ;
; N/A   ; None         ; 10.600 ns  ; pcen      ; lpm_counter:pc_rtl_0|alt_counter_f10ke:wysi_counter|counter_cell[6] ; Clk_cdu  ;
; N/A   ; None         ; 10.600 ns  ; pcen      ; lpm_counter:pc_rtl_0|alt_counter_f10ke:wysi_counter|counter_cell[7] ; Clk_cdu  ;
; N/A   ; None         ; 10.600 ns  ; pc_bus    ; lpm_counter:pc_rtl_0|alt_counter_f10ke:wysi_counter|counter_cell[5] ; Clk_cdu  ;
; N/A   ; None         ; 10.600 ns  ; pc_bus    ; lpm_counter:pc_rtl_0|alt_counter_f10ke:wysi_counter|counter_cell[6] ; Clk_cdu  ;
; N/A   ; None         ; 10.600 ns  ; pc_bus    ; lpm_counter:pc_rtl_0|alt_counter_f10ke:wysi_counter|counter_cell[7] ; Clk_cdu  ;
; N/A   ; None         ; 10.600 ns  ; sw_bus    ; lpm_counter:pc_rtl_0|alt_counter_f10ke:wysi_counter|counter_cell[5] ; Clk_cdu  ;
; N/A   ; None         ; 10.600 ns  ; sw_bus    ; lpm_counter:pc_rtl_0|alt_counter_f10ke:wysi_counter|counter_cell[6] ; Clk_cdu  ;
; N/A   ; None         ; 10.600 ns  ; sw_bus    ; lpm_counter:pc_rtl_0|alt_counter_f10ke:wysi_counter|counter_cell[7] ; Clk_cdu  ;
; N/A   ; None         ; 10.100 ns  ; inputd[6] ; lpm_counter:pc_rtl_0|alt_counter_f10ke:wysi_counter|counter_cell[6] ; Clk_cdu  ;
; N/A   ; None         ; 10.100 ns  ; inputd[3] ; lpm_counter:pc_rtl_0|alt_counter_f10ke:wysi_counter|counter_cell[3] ; Clk_cdu  ;
; N/A   ; None         ; 10.100 ns  ; inputd[2] ; lpm_counter:pc_rtl_0|alt_counter_f10ke:wysi_counter|counter_cell[2] ; Clk_cdu  ;
; N/A   ; None         ; 10.000 ns  ; pcld      ; lpm_counter:pc_rtl_0|alt_counter_f10ke:wysi_counter|counter_cell[0] ; Clk_cdu  ;
; N/A   ; None         ; 10.000 ns  ; pcld      ; lpm_counter:pc_rtl_0|alt_counter_f10ke:wysi_counter|counter_cell[1] ; Clk_cdu  ;
; N/A   ; None         ; 10.000 ns  ; pcld      ; lpm_counter:pc_rtl_0|alt_counter_f10ke:wysi_counter|counter_cell[2] ; Clk_cdu  ;
; N/A   ; None         ; 10.000 ns  ; pcld      ; lpm_counter:pc_rtl_0|alt_counter_f10ke:wysi_counter|counter_cell[3] ; Clk_cdu  ;
; N/A   ; None         ; 10.000 ns  ; pcld      ; lpm_counter:pc_rtl_0|alt_counter_f10ke:wysi_counter|counter_cell[4] ; Clk_cdu  ;
; N/A   ; None         ; 10.000 ns  ; pcld      ; lpm_counter:pc_rtl_0|alt_counter_f10ke:wysi_counter|counter_cell[5] ; Clk_cdu  ;
; N/A   ; None         ; 10.000 ns  ; pcld      ; lpm_counter:pc_rtl_0|alt_counter_f10ke:wysi_counter|counter_cell[6] ; Clk_cdu  ;
; N/A   ; None         ; 10.000 ns  ; pcld      ; lpm_counter:pc_rtl_0|alt_counter_f10ke:wysi_counter|counter_cell[7] ; Clk_cdu  ;
; N/A   ; None         ; 10.000 ns  ; inputd[7] ; lpm_counter:pc_rtl_0|alt_counter_f10ke:wysi_counter|counter_cell[7] ; Clk_cdu  ;
; N/A   ; None         ; 9.700 ns   ; inputd[1] ; lpm_counter:pc_rtl_0|alt_counter_f10ke:wysi_counter|counter_cell[1] ; Clk_cdu  ;
; N/A   ; None         ; 9.700 ns   ; inputd[0] ; lpm_counter:pc_rtl_0|alt_counter_f10ke:wysi_counter|counter_cell[0] ; Clk_cdu  ;
; N/A   ; None         ; 9.200 ns   ; d[4]      ; ar[4]                                                               ; Clk_cdu  ;
; N/A   ; None         ; 9.100 ns   ; d[7]      ; ar[7]                                                               ; Clk_cdu  ;
; N/A   ; None         ; 8.400 ns   ; sw_bus    ; ar[7]                                                               ; Clk_cdu  ;
; N/A   ; None         ; 8.300 ns   ; pc_bus    ; ar[4]                                                               ; Clk_cdu  ;
; N/A   ; None         ; 8.300 ns   ; sw_bus    ; ar[2]                                                               ; Clk_cdu  ;
; N/A   ; None         ; 8.300 ns   ; sw_bus    ; ar[3]                                                               ; Clk_cdu  ;
; N/A   ; None         ; 8.300 ns   ; sw_bus    ; ar[4]                                                               ; Clk_cdu  ;
; N/A   ; None         ; 8.300 ns   ; sw_bus    ; ar[5]                                                               ; Clk_cdu  ;
; N/A   ; None         ; 8.300 ns   ; sw_bus    ; ar[6]                                                               ; Clk_cdu  ;
; N/A   ; None         ; 8.200 ns   ; pc_bus    ; ar[7]                                                               ; Clk_cdu  ;
; N/A   ; None         ; 8.100 ns   ; inputd[4] ; lpm_counter:pc_rtl_0|alt_counter_f10ke:wysi_counter|counter_cell[4] ; Clk_cdu  ;
; N/A   ; None         ; 7.800 ns   ; pc_bus    ; ar[2]                                                               ; Clk_cdu  ;
; N/A   ; None         ; 7.800 ns   ; pc_bus    ; ar[3]                                                               ; Clk_cdu  ;
; N/A   ; None         ; 7.800 ns   ; pc_bus    ; ar[5]                                                               ; Clk_cdu  ;
; N/A   ; None         ; 7.800 ns   ; pc_bus    ; ar[6]                                                               ; Clk_cdu  ;
; N/A   ; None         ; 7.600 ns   ; d[5]      ; ar[5]                                                               ; Clk_cdu  ;
; N/A   ; None         ; 7.600 ns   ; d[1]      ; ar[1]                                                               ; Clk_cdu  ;
; N/A   ; None         ; 7.600 ns   ; d[0]      ; ar[0]                                                               ; Clk_cdu  ;
; N/A   ; None         ; 7.500 ns   ; d[6]      ; ar[6]                                                               ; Clk_cdu  ;
; N/A   ; None         ; 7.500 ns   ; d[3]      ; ar[3]                                                               ; Clk_cdu  ;
; N/A   ; None         ; 7.500 ns   ; d[2]      ; ar[2]                                                               ; Clk_cdu  ;
; N/A   ; None         ; 6.700 ns   ; pc_bus    ; ar[0]                                                               ; Clk_cdu  ;
; N/A   ; None         ; 6.700 ns   ; pc_bus    ; ar[1]                                                               ; Clk_cdu  ;
; N/A   ; None         ; 6.700 ns   ; sw_bus    ; ar[0]                                                               ; Clk_cdu  ;
; N/A   ; None         ; 6.700 ns   ; sw_bus    ; ar[1]                                                               ; Clk_cdu  ;
; N/A   ; None         ; 6.300 ns   ; inputd[5] ; ar[5]                                                               ; Clk_cdu  ;
; N/A   ; None         ; 5.600 ns   ; inputd[7] ; ar[7]                                                               ; Clk_cdu  ;
; N/A   ; None         ; 5.600 ns   ; inputd[6] ; ar[6]                                                               ; Clk_cdu  ;
; N/A   ; None         ; 5.600 ns   ; inputd[3] ; ar[3]                                                               ; Clk_cdu  ;
; N/A   ; None         ; 5.600 ns   ; inputd[2] ; ar[2]                                                               ; Clk_cdu  ;
; N/A   ; None         ; 5.200 ns   ; inputd[1] ; ar[1]                                                               ; Clk_cdu  ;
; N/A   ; None         ; 5.200 ns   ; inputd[0] ; ar[0]                                                               ; Clk_cdu  ;
; N/A   ; None         ; 3.600 ns   ; inputd[4] ; ar[4]                                                               ; Clk_cdu  ;
; N/A   ; None         ; 3.500 ns   ; ldar      ; ar[2]                                                               ; Clk_cdu  ;
; N/A   ; None         ; 3.500 ns   ; ldar      ; ar[3]                                                               ; Clk_cdu  ;
; N/A   ; None         ; 3.400 ns   ; ldar      ; ar[0]                                                               ; Clk_cdu  ;
; N/A   ; None         ; 3.400 ns   ; ldar      ; ar[1]                                                               ; Clk_cdu  ;
; N/A   ; None         ; 3.400 ns   ; ldar      ; ar[4]                                                               ; Clk_cdu  ;
; N/A   ; None         ; 3.400 ns   ; ldar      ; ar[5]                                                               ; Clk_cdu  ;
; N/A   ; None         ; 3.400 ns   ; ldar      ; ar[6]                                                               ; Clk_cdu  ;
; N/A   ; None         ; 3.100 ns   ; ldar      ; ar[7]                                                               ; Clk_cdu  ;
+-------+--------------+------------+-----------+---------------------------------------------------------------------+----------+


+---------------------------------------------------------------------------------------------------------------------------------+
; tco                                                                                                                             ;
+-------+--------------+------------+---------------------------------------------------------------------+----------+------------+
; Slack ; Required tco ; Actual tco ; From                                                                ; To       ; From Clock ;
+-------+--------------+------------+---------------------------------------------------------------------+----------+------------+
; N/A   ; None         ; 20.800 ns  ; lpm_counter:pc_rtl_0|alt_counter_f10ke:wysi_counter|counter_cell[5] ; d[5]     ; Clk_cdu    ;
; N/A   ; None         ; 20.800 ns  ; lpm_counter:pc_rtl_0|alt_counter_f10ke:wysi_counter|counter_cell[4] ; d[4]     ; Clk_cdu    ;
; N/A   ; None         ; 20.800 ns  ; lpm_counter:pc_rtl_0|alt_counter_f10ke:wysi_counter|counter_cell[1] ; d[1]     ; Clk_cdu    ;
; N/A   ; None         ; 20.800 ns  ; lpm_counter:pc_rtl_0|alt_counter_f10ke:wysi_counter|counter_cell[0] ; d[0]     ; Clk_cdu    ;
; N/A   ; None         ; 20.100 ns  ; lpm_counter:pc_rtl_0|alt_counter_f10ke:wysi_counter|counter_cell[7] ; d[7]     ; Clk_cdu    ;
; N/A   ; None         ; 20.100 ns  ; lpm_counter:pc_rtl_0|alt_counter_f10ke:wysi_counter|counter_cell[6] ; d[6]     ; Clk_cdu    ;
; N/A   ; None         ; 20.100 ns  ; lpm_counter:pc_rtl_0|alt_counter_f10ke:wysi_counter|counter_cell[3] ; d[3]     ; Clk_cdu    ;
; N/A   ; None         ; 20.100 ns  ; lpm_counter:pc_rtl_0|alt_counter_f10ke:wysi_counter|counter_cell[2] ; d[2]     ; Clk_cdu    ;
; N/A   ; None         ; 14.000 ns  ; ar[3]                                                               ; arout[3] ; Clk_cdu    ;
; N/A   ; None         ; 13.900 ns  ; ar[4]                                                               ; arout[4] ; Clk_cdu    ;
; N/A   ; None         ; 13.200 ns  ; ar[2]                                                               ; arout[2] ; Clk_cdu    ;
; N/A   ; None         ; 13.100 ns  ; ar[7]                                                               ; arout[7] ; Clk_cdu    ;
; N/A   ; None         ; 13.100 ns  ; ar[6]                                                               ; arout[6] ; Clk_cdu    ;
; N/A   ; None         ; 13.100 ns  ; ar[5]                                                               ; arout[5] ; Clk_cdu    ;
; N/A   ; None         ; 12.600 ns  ; ar[0]                                                               ; arout[0] ; Clk_cdu    ;
; N/A   ; None         ; 12.400 ns  ; ar[1]                                                               ; arout[1] ; Clk_cdu    ;
+-------+--------------+------------+---------------------------------------------------------------------+----------+------------+


+----------------------------------------------------------------+
; tpd                                                            ;
+-------+-------------------+-----------------+-----------+------+
; Slack ; Required P2P Time ; Actual P2P Time ; From      ; To   ;
+-------+-------------------+-----------------+-----------+------+
; N/A   ; None              ; 18.000 ns       ; d[5]      ; d[5] ;
; N/A   ; None              ; 18.000 ns       ; sw_bus    ; d[4] ;
; N/A   ; None              ; 18.000 ns       ; d[4]      ; d[4] ;
; N/A   ; None              ; 18.000 ns       ; d[1]      ; d[1] ;
; N/A   ; None              ; 18.000 ns       ; sw_bus    ; d[0] ;
; N/A   ; None              ; 18.000 ns       ; d[0]      ; d[0] ;
; N/A   ; None              ; 17.900 ns       ; sw_bus    ; d[5] ;
; N/A   ; None              ; 17.900 ns       ; sw_bus    ; d[1] ;
; N/A   ; None              ; 17.600 ns       ; sw_bus    ; d[7] ;
; N/A   ; None              ; 17.600 ns       ; sw_bus    ; d[3] ;
; N/A   ; None              ; 17.500 ns       ; sw_bus    ; d[6] ;
; N/A   ; None              ; 17.500 ns       ; pc_bus    ; d[4] ;
; N/A   ; None              ; 17.500 ns       ; sw_bus    ; d[2] ;
; N/A   ; None              ; 17.500 ns       ; pc_bus    ; d[0] ;
; N/A   ; None              ; 17.400 ns       ; pc_bus    ; d[5] ;
; N/A   ; None              ; 17.400 ns       ; pc_bus    ; d[1] ;
; N/A   ; None              ; 17.200 ns       ; d[7]      ; d[7] ;
; N/A   ; None              ; 17.200 ns       ; d[6]      ; d[6] ;
; N/A   ; None              ; 17.200 ns       ; inputd[5] ; d[5] ;
; N/A   ; None              ; 17.200 ns       ; d[3]      ; d[3] ;
; N/A   ; None              ; 17.200 ns       ; d[2]      ; d[2] ;
; N/A   ; None              ; 17.100 ns       ; pc_bus    ; d[7] ;
; N/A   ; None              ; 17.100 ns       ; pc_bus    ; d[3] ;
; N/A   ; None              ; 17.000 ns       ; pc_bus    ; d[6] ;
; N/A   ; None              ; 17.000 ns       ; pc_bus    ; d[2] ;
; N/A   ; None              ; 16.100 ns       ; inputd[1] ; d[1] ;
; N/A   ; None              ; 16.100 ns       ; inputd[0] ; d[0] ;
; N/A   ; None              ; 15.800 ns       ; inputd[6] ; d[6] ;
; N/A   ; None              ; 15.800 ns       ; inputd[3] ; d[3] ;
; N/A   ; None              ; 15.800 ns       ; inputd[2] ; d[2] ;
; N/A   ; None              ; 15.700 ns       ; inputd[7] ; d[7] ;
; N/A   ; None              ; 14.500 ns       ; inputd[4] ; d[4] ;
+-------+-------------------+-----------------+-----------+------+


+--------------------------------------------------------------------------------------------------------------------------------------+
; th                                                                                                                                   ;
+---------------+-------------+-----------+-----------+---------------------------------------------------------------------+----------+
; Minimum Slack ; Required th ; Actual th ; From      ; To                                                                  ; To Clock ;
+---------------+-------------+-----------+-----------+---------------------------------------------------------------------+----------+
; N/A           ; None        ; 1.000 ns  ; ldar      ; ar[7]                                                               ; Clk_cdu  ;
; N/A           ; None        ; 0.700 ns  ; ldar      ; ar[0]                                                               ; Clk_cdu  ;
; N/A           ; None        ; 0.700 ns  ; ldar      ; ar[1]                                                               ; Clk_cdu  ;
; N/A           ; None        ; 0.700 ns  ; ldar      ; ar[4]                                                               ; Clk_cdu  ;
; N/A           ; None        ; 0.700 ns  ; ldar      ; ar[5]                                                               ; Clk_cdu  ;
; N/A           ; None        ; 0.700 ns  ; ldar      ; ar[6]                                                               ; Clk_cdu  ;
; N/A           ; None        ; 0.600 ns  ; ldar      ; ar[2]                                                               ; Clk_cdu  ;
; N/A           ; None        ; 0.600 ns  ; ldar      ; ar[3]                                                               ; Clk_cdu  ;
; N/A           ; None        ; 0.500 ns  ; inputd[4] ; ar[4]                                                               ; Clk_cdu  ;
; N/A           ; None        ; -1.100 ns ; inputd[1] ; ar[1]                                                               ; Clk_cdu  ;
; N/A           ; None        ; -1.100 ns ; inputd[0] ; ar[0]                                                               ; Clk_cdu  ;
; N/A           ; None        ; -1.500 ns ; inputd[7] ; ar[7]                                                               ; Clk_cdu  ;
; N/A           ; None        ; -1.500 ns ; inputd[6] ; ar[6]                                                               ; Clk_cdu  ;
; N/A           ; None        ; -1.500 ns ; inputd[3] ; ar[3]                                                               ; Clk_cdu  ;
; N/A           ; None        ; -1.500 ns ; inputd[2] ; ar[2]                                                               ; Clk_cdu  ;
; N/A           ; None        ; -1.600 ns ; pc_bus    ; ar[0]                                                               ; Clk_cdu  ;
; N/A           ; None        ; -1.600 ns ; pc_bus    ; ar[1]                                                               ; Clk_cdu  ;
; N/A           ; None        ; -1.600 ns ; pc_bus    ; ar[4]                                                               ; Clk_cdu  ;
; N/A           ; None        ; -2.100 ns ; sw_bus    ; ar[0]                                                               ; Clk_cdu  ;
; N/A           ; None        ; -2.100 ns ; sw_bus    ; ar[1]                                                               ; Clk_cdu  ;
; N/A           ; None        ; -2.100 ns ; sw_bus    ; ar[4]                                                               ; Clk_cdu  ;
; N/A           ; None        ; -2.200 ns ; inputd[5] ; ar[5]                                                               ; Clk_cdu  ;
; N/A           ; None        ; -2.500 ns ; pc_bus    ; ar[5]                                                               ; Clk_cdu  ;
; N/A           ; None        ; -2.500 ns ; pc_bus    ; ar[6]                                                               ; Clk_cdu  ;
; N/A           ; None        ; -2.500 ns ; sw_bus    ; ar[5]                                                               ; Clk_cdu  ;
; N/A           ; None        ; -2.500 ns ; sw_bus    ; ar[6]                                                               ; Clk_cdu  ;
; N/A           ; None        ; -2.600 ns ; pc_bus    ; ar[2]                                                               ; Clk_cdu  ;
; N/A           ; None        ; -2.600 ns ; pc_bus    ; ar[3]                                                               ; Clk_cdu  ;
; N/A           ; None        ; -2.600 ns ; sw_bus    ; ar[2]                                                               ; Clk_cdu  ;
; N/A           ; None        ; -2.600 ns ; sw_bus    ; ar[3]                                                               ; Clk_cdu  ;
; N/A           ; None        ; -3.400 ns ; d[6]      ; ar[6]                                                               ; Clk_cdu  ;
; N/A           ; None        ; -3.400 ns ; d[3]      ; ar[3]                                                               ; Clk_cdu  ;
; N/A           ; None        ; -3.400 ns ; d[2]      ; ar[2]                                                               ; Clk_cdu  ;
; N/A           ; None        ; -3.500 ns ; d[5]      ; ar[5]                                                               ; Clk_cdu  ;
; N/A           ; None        ; -3.500 ns ; d[1]      ; ar[1]                                                               ; Clk_cdu  ;
; N/A           ; None        ; -3.500 ns ; d[0]      ; ar[0]                                                               ; Clk_cdu  ;
; N/A           ; None        ; -3.800 ns ; pc_bus    ; ar[7]                                                               ; Clk_cdu  ;
; N/A           ; None        ; -4.000 ns ; inputd[4] ; lpm_counter:pc_rtl_0|alt_counter_f10ke:wysi_counter|counter_cell[4] ; Clk_cdu  ;
; N/A           ; None        ; -4.100 ns ; pc_bus    ; lpm_counter:pc_rtl_0|alt_counter_f10ke:wysi_counter|counter_cell[5] ; Clk_cdu  ;
; N/A           ; None        ; -4.100 ns ; pc_bus    ; lpm_counter:pc_rtl_0|alt_counter_f10ke:wysi_counter|counter_cell[6] ; Clk_cdu  ;
; N/A           ; None        ; -4.100 ns ; pc_bus    ; lpm_counter:pc_rtl_0|alt_counter_f10ke:wysi_counter|counter_cell[7] ; Clk_cdu  ;
; N/A           ; None        ; -4.100 ns ; sw_bus    ; ar[7]                                                               ; Clk_cdu  ;
; N/A           ; None        ; -4.100 ns ; sw_bus    ; lpm_counter:pc_rtl_0|alt_counter_f10ke:wysi_counter|counter_cell[5] ; Clk_cdu  ;
; N/A           ; None        ; -4.100 ns ; sw_bus    ; lpm_counter:pc_rtl_0|alt_counter_f10ke:wysi_counter|counter_cell[6] ; Clk_cdu  ;
; N/A           ; None        ; -4.100 ns ; sw_bus    ; lpm_counter:pc_rtl_0|alt_counter_f10ke:wysi_counter|counter_cell[7] ; Clk_cdu  ;
; N/A           ; None        ; -4.200 ns ; pc_bus    ; lpm_counter:pc_rtl_0|alt_counter_f10ke:wysi_counter|counter_cell[0] ; Clk_cdu  ;
; N/A           ; None        ; -4.200 ns ; pc_bus    ; lpm_counter:pc_rtl_0|alt_counter_f10ke:wysi_counter|counter_cell[1] ; Clk_cdu  ;
; N/A           ; None        ; -4.200 ns ; pc_bus    ; lpm_counter:pc_rtl_0|alt_counter_f10ke:wysi_counter|counter_cell[2] ; Clk_cdu  ;
; N/A           ; None        ; -4.200 ns ; pc_bus    ; lpm_counter:pc_rtl_0|alt_counter_f10ke:wysi_counter|counter_cell[3] ; Clk_cdu  ;
; N/A           ; None        ; -4.200 ns ; pc_bus    ; lpm_counter:pc_rtl_0|alt_counter_f10ke:wysi_counter|counter_cell[4] ; Clk_cdu  ;
; N/A           ; None        ; -4.200 ns ; sw_bus    ; lpm_counter:pc_rtl_0|alt_counter_f10ke:wysi_counter|counter_cell[0] ; Clk_cdu  ;
; N/A           ; None        ; -4.200 ns ; sw_bus    ; lpm_counter:pc_rtl_0|alt_counter_f10ke:wysi_counter|counter_cell[1] ; Clk_cdu  ;
; N/A           ; None        ; -4.200 ns ; sw_bus    ; lpm_counter:pc_rtl_0|alt_counter_f10ke:wysi_counter|counter_cell[2] ; Clk_cdu  ;
; N/A           ; None        ; -4.200 ns ; sw_bus    ; lpm_counter:pc_rtl_0|alt_counter_f10ke:wysi_counter|counter_cell[3] ; Clk_cdu  ;
; N/A           ; None        ; -4.200 ns ; sw_bus    ; lpm_counter:pc_rtl_0|alt_counter_f10ke:wysi_counter|counter_cell[4] ; Clk_cdu  ;
; N/A           ; None        ; -5.000 ns ; d[7]      ; ar[7]                                                               ; Clk_cdu  ;
; N/A           ; None        ; -5.100 ns ; d[4]      ; ar[4]                                                               ; Clk_cdu  ;
; N/A           ; None        ; -5.500 ns ; pcen      ; lpm_counter:pc_rtl_0|alt_counter_f10ke:wysi_counter|counter_cell[0] ; Clk_cdu  ;
; N/A           ; None        ; -5.500 ns ; pcen      ; lpm_counter:pc_rtl_0|alt_counter_f10ke:wysi_counter|counter_cell[1] ; Clk_cdu  ;
; N/A           ; None        ; -5.500 ns ; pcen      ; lpm_counter:pc_rtl_0|alt_counter_f10ke:wysi_counter|counter_cell[2] ; Clk_cdu  ;
; N/A           ; None        ; -5.500 ns ; pcen      ; lpm_counter:pc_rtl_0|alt_counter_f10ke:wysi_counter|counter_cell[3] ; Clk_cdu  ;
; N/A           ; None        ; -5.500 ns ; pcen      ; lpm_counter:pc_rtl_0|alt_counter_f10ke:wysi_counter|counter_cell[4] ; Clk_cdu  ;
; N/A           ; None        ; -5.500 ns ; pcen      ; lpm_counter:pc_rtl_0|alt_counter_f10ke:wysi_counter|counter_cell[5] ; Clk_cdu  ;
; N/A           ; None        ; -5.500 ns ; pcen      ; lpm_counter:pc_rtl_0|alt_counter_f10ke:wysi_counter|counter_cell[6] ; Clk_cdu  ;
; N/A           ; None        ; -5.500 ns ; pcen      ; lpm_counter:pc_rtl_0|alt_counter_f10ke:wysi_counter|counter_cell[7] ; Clk_cdu  ;
; N/A           ; None        ; -5.600 ns ; inputd[1] ; lpm_counter:pc_rtl_0|alt_counter_f10ke:wysi_counter|counter_cell[1] ; Clk_cdu  ;
; N/A           ; None        ; -5.600 ns ; inputd[0] ; lpm_counter:pc_rtl_0|alt_counter_f10ke:wysi_counter|counter_cell[0] ; Clk_cdu  ;
; N/A           ; None        ; -5.900 ns ; pcld      ; lpm_counter:pc_rtl_0|alt_counter_f10ke:wysi_counter|counter_cell[0] ; Clk_cdu  ;
; N/A           ; None        ; -5.900 ns ; pcld      ; lpm_counter:pc_rtl_0|alt_counter_f10ke:wysi_counter|counter_cell[1] ; Clk_cdu  ;
; N/A           ; None        ; -5.900 ns ; pcld      ; lpm_counter:pc_rtl_0|alt_counter_f10ke:wysi_counter|counter_cell[2] ; Clk_cdu  ;
; N/A           ; None        ; -5.900 ns ; pcld      ; lpm_counter:pc_rtl_0|alt_counter_f10ke:wysi_counter|counter_cell[3] ; Clk_cdu  ;
; N/A           ; None        ; -5.900 ns ; pcld      ; lpm_counter:pc_rtl_0|alt_counter_f10ke:wysi_counter|counter_cell[4] ; Clk_cdu  ;
; N/A           ; None        ; -5.900 ns ; pcld      ; lpm_counter:pc_rtl_0|alt_counter_f10ke:wysi_counter|counter_cell[5] ; Clk_cdu  ;
; N/A           ; None        ; -5.900 ns ; pcld      ; lpm_counter:pc_rtl_0|alt_counter_f10ke:wysi_counter|counter_cell[6] ; Clk_cdu  ;
; N/A           ; None        ; -5.900 ns ; pcld      ; lpm_counter:pc_rtl_0|alt_counter_f10ke:wysi_counter|counter_cell[7] ; Clk_cdu  ;
; N/A           ; None        ; -5.900 ns ; inputd[7] ; lpm_counter:pc_rtl_0|alt_counter_f10ke:wysi_counter|counter_cell[7] ; Clk_cdu  ;
; N/A           ; None        ; -6.000 ns ; inputd[6] ; lpm_counter:pc_rtl_0|alt_counter_f10ke:wysi_counter|counter_cell[6] ; Clk_cdu  ;
; N/A           ; None        ; -6.000 ns ; inputd[3] ; lpm_counter:pc_rtl_0|alt_counter_f10ke:wysi_counter|counter_cell[3] ; Clk_cdu  ;
; N/A           ; None        ; -6.000 ns ; inputd[2] ; lpm_counter:pc_rtl_0|alt_counter_f10ke:wysi_counter|counter_cell[2] ; Clk_cdu  ;
; N/A           ; None        ; -6.700 ns ; inputd[5] ; lpm_counter:pc_rtl_0|alt_counter_f10ke:wysi_counter|counter_cell[5] ; Clk_cdu  ;
; N/A           ; None        ; -7.400 ns ; d[7]      ; lpm_counter:pc_rtl_0|alt_counter_f10ke:wysi_counter|counter_cell[7] ; Clk_cdu  ;
; N/A           ; None        ; -7.400 ns ; d[6]      ; lpm_counter:pc_rtl_0|alt_counter_f10ke:wysi_counter|counter_cell[6] ; Clk_cdu  ;
; N/A           ; None        ; -7.400 ns ; d[3]      ; lpm_counter:pc_rtl_0|alt_counter_f10ke:wysi_counter|counter_cell[3] ; Clk_cdu  ;
; N/A           ; None        ; -7.400 ns ; d[2]      ; lpm_counter:pc_rtl_0|alt_counter_f10ke:wysi_counter|counter_cell[2] ; Clk_cdu  ;
; N/A           ; None        ; -7.500 ns ; d[5]      ; lpm_counter:pc_rtl_0|alt_counter_f10ke:wysi_counter|counter_cell[5] ; Clk_cdu  ;
; N/A           ; None        ; -7.500 ns ; d[4]      ; lpm_counter:pc_rtl_0|alt_counter_f10ke:wysi_counter|counter_cell[4] ; Clk_cdu  ;
; N/A           ; None        ; -7.500 ns ; d[1]      ; lpm_counter:pc_rtl_0|alt_counter_f10ke:wysi_counter|counter_cell[1] ; Clk_cdu  ;
; N/A           ; None        ; -7.500 ns ; d[0]      ; lpm_counter:pc_rtl_0|alt_counter_f10ke:wysi_counter|counter_cell[0] ; Clk_cdu  ;
+---------------+-------------+-----------+-----------+---------------------------------------------------------------------+----------+


+--------------------------+
; Timing Analyzer Messages ;
+--------------------------+
Info: *******************************************************************
Info: Running Quartus II Classic Timing Analyzer
    Info: Version 9.0 Build 184 04/29/2009 Service Pack 1 SJ Web Edition
    Info: Processing started: Tue Mar 09 13:05:33 2021
Info: Command: quartus_tan --read_settings_files=off --write_settings_files=off sw_pc_ar -c sw_pc_ar
Info: Started post-fitting delay annotation
Info: Delay annotation completed successfully
Warning: Found pins functioning as undefined clocks and/or memory enables
    Info: Assuming node "Clk_cdu" is an undefined clock
Info: Clock "Clk_cdu" has Internal fmax of 69.44 MHz between source register "lpm_counter:pc_rtl_0|alt_counter_f10ke:wysi_counter|counter_cell[0]" and destination register "lpm_counter:pc_rtl_0|alt_counter_f10ke:wysi_counter|counter_cell[0]" (period= 14.4 ns)
    Info: + Longest register to register delay is 10.800 ns
        Info: 1: + IC(0.000 ns) + CELL(0.000 ns) = 0.000 ns; Loc. = LC1_A13; Fanout = 4; REG Node = 'lpm_counter:pc_rtl_0|alt_counter_f10ke:wysi_counter|counter_cell[0]'
        Info: 2: + IC(2.200 ns) + CELL(2.300 ns) = 4.500 ns; Loc. = LC2_A15; Fanout = 2; COMB Node = 'bus_Reg[0]~10'
        Info: 3: + IC(0.600 ns) + CELL(1.800 ns) = 6.900 ns; Loc. = LC8_A15; Fanout = 2; COMB Node = 'bus_Reg[0]~18'
        Info: 4: + IC(2.200 ns) + CELL(1.700 ns) = 10.800 ns; Loc. = LC1_A13; Fanout = 4; REG Node = 'lpm_counter:pc_rtl_0|alt_counter_f10ke:wysi_counter|counter_cell[0]'
        Info: Total cell delay = 5.800 ns ( 53.70 % )
        Info: Total interconnect delay = 5.000 ns ( 46.30 % )
    Info: - Smallest clock skew is 0.000 ns
        Info: + Shortest clock path from clock "Clk_cdu" to destination register is 5.300 ns
            Info: 1: + IC(0.000 ns) + CELL(2.800 ns) = 2.800 ns; Loc. = PIN_55; Fanout = 16; CLK Node = 'Clk_cdu'
            Info: 2: + IC(2.500 ns) + CELL(0.000 ns) = 5.300 ns; Loc. = LC1_A13; Fanout = 4; REG Node = 'lpm_counter:pc_rtl_0|alt_counter_f10ke:wysi_counter|counter_cell[0]'
            Info: Total cell delay = 2.800 ns ( 52.83 % )
            Info: Total interconnect delay = 2.500 ns ( 47.17 % )
        Info: - Longest clock path from clock "Clk_cdu" to source register is 5.300 ns
            Info: 1: + IC(0.000 ns) + CELL(2.800 ns) = 2.800 ns; Loc. = PIN_55; Fanout = 16; CLK Node = 'Clk_cdu'
            Info: 2: + IC(2.500 ns) + CELL(0.000 ns) = 5.300 ns; Loc. = LC1_A13; Fanout = 4; REG Node = 'lpm_counter:pc_rtl_0|alt_counter_f10ke:wysi_counter|counter_cell[0]'
            Info: Total cell delay = 2.800 ns ( 52.83 % )
            Info: Total interconnect delay = 2.500 ns ( 47.17 % )
    Info: + Micro clock to output delay of source is 1.100 ns
    Info: + Micro setup delay of destination is 2.500 ns
Info: tsu for register "lpm_counter:pc_rtl_0|alt_counter_f10ke:wysi_counter|counter_cell[5]" (data pin = "d[5]", clock pin = "Clk_cdu") is 11.600 ns
    Info: + Longest pin to register delay is 14.400 ns
        Info: 1: + IC(0.000 ns) + CELL(0.000 ns) = 0.000 ns; Loc. = PIN_102; Fanout = 1; PIN Node = 'd[5]'
        Info: 2: + IC(0.000 ns) + CELL(3.500 ns) = 3.500 ns; Loc. = IOC_102; Fanout = 1; COMB Node = 'd[5]~10'
        Info: 3: + IC(2.800 ns) + CELL(1.800 ns) = 8.100 ns; Loc. = LC7_A16; Fanout = 2; COMB Node = 'bus_Reg[5]~15'
        Info: 4: + IC(0.600 ns) + CELL(1.800 ns) = 10.500 ns; Loc. = LC4_A16; Fanout = 2; COMB Node = 'bus_Reg[5]~23'
        Info: 5: + IC(2.200 ns) + CELL(1.700 ns) = 14.400 ns; Loc. = LC6_A13; Fanout = 4; REG Node = 'lpm_counter:pc_rtl_0|alt_counter_f10ke:wysi_counter|counter_cell[5]'
        Info: Total cell delay = 8.800 ns ( 61.11 % )
        Info: Total interconnect delay = 5.600 ns ( 38.89 % )
    Info: + Micro setup delay of destination is 2.500 ns
    Info: - Shortest clock path from clock "Clk_cdu" to destination register is 5.300 ns
        Info: 1: + IC(0.000 ns) + CELL(2.800 ns) = 2.800 ns; Loc. = PIN_55; Fanout = 16; CLK Node = 'Clk_cdu'
        Info: 2: + IC(2.500 ns) + CELL(0.000 ns) = 5.300 ns; Loc. = LC6_A13; Fanout = 4; REG Node = 'lpm_counter:pc_rtl_0|alt_counter_f10ke:wysi_counter|counter_cell[5]'
        Info: Total cell delay = 2.800 ns ( 52.83 % )
        Info: Total interconnect delay = 2.500 ns ( 47.17 % )
Info: tco from clock "Clk_cdu" to destination pin "d[5]" through register "lpm_counter:pc_rtl_0|alt_counter_f10ke:wysi_counter|counter_cell[5]" is 20.800 ns
    Info: + Longest clock path from clock "Clk_cdu" to source register is 5.300 ns
        Info: 1: + IC(0.000 ns) + CELL(2.800 ns) = 2.800 ns; Loc. = PIN_55; Fanout = 16; CLK Node = 'Clk_cdu'
        Info: 2: + IC(2.500 ns) + CELL(0.000 ns) = 5.300 ns; Loc. = LC6_A13; Fanout = 4; REG Node = 'lpm_counter:pc_rtl_0|alt_counter_f10ke:wysi_counter|counter_cell[5]'
        Info: Total cell delay = 2.800 ns ( 52.83 % )
        Info: Total interconnect delay = 2.500 ns ( 47.17 % )
    Info: + Micro clock to output delay of source is 1.100 ns
    Info: + Longest register to pin delay is 14.400 ns
        Info: 1: + IC(0.000 ns) + CELL(0.000 ns) = 0.000 ns; Loc. = LC6_A13; Fanout = 4; REG Node = 'lpm_counter:pc_rtl_0|alt_counter_f10ke:wysi_counter|counter_cell[5]'
        Info: 2: + IC(2.200 ns) + CELL(2.300 ns) = 4.500 ns; Loc. = LC7_A16; Fanout = 2; COMB Node = 'bus_Reg[5]~15'
        Info: 3: + IC(0.600 ns) + CELL(1.800 ns) = 6.900 ns; Loc. = LC4_A16; Fanout = 2; COMB Node = 'bus_Reg[5]~23'
        Info: 4: + IC(2.400 ns) + CELL(5.100 ns) = 14.400 ns; Loc. = PIN_102; Fanout = 0; PIN Node = 'd[5]'
        Info: Total cell delay = 9.200 ns ( 63.89 % )
        Info: Total interconnect delay = 5.200 ns ( 36.11 % )
Info: Longest tpd from source pin "d[5]" to destination pin "d[5]" is 18.000 ns
    Info: 1: + IC(0.000 ns) + CELL(0.000 ns) = 0.000 ns; Loc. = PIN_102; Fanout = 1; PIN Node = 'd[5]'
    Info: 2: + IC(0.000 ns) + CELL(3.500 ns) = 3.500 ns; Loc. = IOC_102; Fanout = 1; COMB Node = 'd[5]~10'
    Info: 3: + IC(2.800 ns) + CELL(1.800 ns) = 8.100 ns; Loc. = LC7_A16; Fanout = 2; COMB Node = 'bus_Reg[5]~15'
    Info: 4: + IC(0.600 ns) + CELL(1.800 ns) = 10.500 ns; Loc. = LC4_A16; Fanout = 2; COMB Node = 'bus_Reg[5]~23'
    Info: 5: + IC(2.400 ns) + CELL(5.100 ns) = 18.000 ns; Loc. = PIN_102; Fanout = 0; PIN Node = 'd[5]'
    Info: Total cell delay = 12.200 ns ( 67.78 % )
    Info: Total interconnect delay = 5.800 ns ( 32.22 % )
Info: th for register "ar[7]" (data pin = "ldar", clock pin = "Clk_cdu") is 1.000 ns
    Info: + Longest clock path from clock "Clk_cdu" to destination register is 5.300 ns
        Info: 1: + IC(0.000 ns) + CELL(2.800 ns) = 2.800 ns; Loc. = PIN_55; Fanout = 16; CLK Node = 'Clk_cdu'
        Info: 2: + IC(2.500 ns) + CELL(0.000 ns) = 5.300 ns; Loc. = LC5_A21; Fanout = 1; REG Node = 'ar[7]'
        Info: Total cell delay = 2.800 ns ( 52.83 % )
        Info: Total interconnect delay = 2.500 ns ( 47.17 % )
    Info: + Micro hold delay of destination is 1.600 ns
    Info: - Shortest pin to register delay is 5.900 ns
        Info: 1: + IC(0.000 ns) + CELL(2.800 ns) = 2.800 ns; Loc. = PIN_56; Fanout = 8; PIN Node = 'ldar'
        Info: 2: + IC(1.900 ns) + CELL(1.200 ns) = 5.900 ns; Loc. = LC5_A21; Fanout = 1; REG Node = 'ar[7]'
        Info: Total cell delay = 4.000 ns ( 67.80 % )
        Info: Total interconnect delay = 1.900 ns ( 32.20 % )
Info: Quartus II Classic Timing Analyzer was successful. 0 errors, 1 warning
    Info: Peak virtual memory: 193 megabytes
    Info: Processing ended: Tue Mar 09 13:05:33 2021
    Info: Elapsed time: 00:00:00
    Info: Total CPU time (on all processors): 00:00:00


