Analysis & Synthesis report for CPU
Sat Mar 13 17:02:50 2021
Quartus II Version 9.0 Build 184 04/29/2009 Service Pack 1 SJ Web Edition


---------------------
; Table of Contents ;
---------------------
  1. Legal Notice
  2. Analysis & Synthesis Summary
  3. Analysis & Synthesis Settings
  4. Analysis & Synthesis Source Files Read
  5. Analysis & Synthesis Resource Usage Summary
  6. Analysis & Synthesis Resource Utilization by Entity
  7. Analysis & Synthesis RAM Summary
  8. Logic Cells Representing Combinational Loops
  9. General Register Statistics
 10. Multiplexer Restructuring Statistics (Restructuring Performed)
 11. Source assignments for memories:inst1|LPM_RAM_IO:inst|altram:sram|altsyncram:ram_block|altsyncram_k0a1:auto_generated
 12. Parameter Settings for User Entity Instance: memories:inst1|LPM_RAM_IO:inst
 13. Analysis & Synthesis Messages



----------------
; Legal Notice ;
----------------
Copyright (C) 1991-2009 Altera Corporation
Your use of Altera Corporation's design tools, logic functions 
and other software and tools, and its AMPP partner logic 
functions, and any output files from any of the foregoing 
(including device programming or simulation files), and any 
associated documentation or information are expressly subject 
to the terms and conditions of the Altera Program License 
Subscription Agreement, Altera MegaCore Function License 
Agreement, or other applicable license agreement, including, 
without limitation, that your use is for the sole purpose of 
programming logic devices manufactured by Altera and sold by 
Altera or its authorized distributors.  Please refer to the 
applicable agreement for further details.



+-----------------------------------------------------------------------------------+
; Analysis & Synthesis Summary                                                      ;
+------------------------------------+----------------------------------------------+
; Analysis & Synthesis Status        ; Successful - Sat Mar 13 17:02:50 2021        ;
; Quartus II Version                 ; 9.0 Build 184 04/29/2009 SP 1 SJ Web Edition ;
; Revision Name                      ; CPU                                          ;
; Top-level Entity Name              ; CPU                                          ;
; Family                             ; Cyclone II                                   ;
; Total logic elements               ; 532                                          ;
;     Total combinational functions  ; 508                                          ;
;     Dedicated logic registers      ; 48                                           ;
; Total registers                    ; 48                                           ;
; Total pins                         ; 38                                           ;
; Total virtual pins                 ; 0                                            ;
; Total memory bits                  ; 2,048                                        ;
; Embedded Multiplier 9-bit elements ; 0                                            ;
; Total PLLs                         ; 0                                            ;
+------------------------------------+----------------------------------------------+


+--------------------------------------------------------------------------------------------------------+
; Analysis & Synthesis Settings                                                                          ;
+--------------------------------------------------------------+--------------------+--------------------+
; Option                                                       ; Setting            ; Default Value      ;
+--------------------------------------------------------------+--------------------+--------------------+
; Device                                                       ; EP2C5T144C8        ;                    ;
; Top-level entity name                                        ; CPU                ; CPU                ;
; Family name                                                  ; Cyclone II         ; Stratix II         ;
; Use Generated Physical Constraints File                      ; Off                ;                    ;
; Use smart compilation                                        ; Off                ; Off                ;
; Restructure Multiplexers                                     ; Auto               ; Auto               ;
; Create Debugging Nodes for IP Cores                          ; Off                ; Off                ;
; Preserve fewer node names                                    ; On                 ; On                 ;
; Disable OpenCore Plus hardware evaluation                    ; Off                ; Off                ;
; Verilog Version                                              ; Verilog_2001       ; Verilog_2001       ;
; VHDL Version                                                 ; VHDL93             ; VHDL93             ;
; State Machine Processing                                     ; Auto               ; Auto               ;
; Safe State Machine                                           ; Off                ; Off                ;
; Extract Verilog State Machines                               ; On                 ; On                 ;
; Extract VHDL State Machines                                  ; On                 ; On                 ;
; Ignore Verilog initial constructs                            ; Off                ; Off                ;
; Iteration limit for constant Verilog loops                   ; 5000               ; 5000               ;
; Iteration limit for non-constant Verilog loops               ; 250                ; 250                ;
; Add Pass-Through Logic to Inferred RAMs                      ; On                 ; On                 ;
; Parallel Synthesis                                           ; Off                ; Off                ;
; DSP Block Balancing                                          ; Auto               ; Auto               ;
; NOT Gate Push-Back                                           ; On                 ; On                 ;
; Power-Up Don't Care                                          ; On                 ; On                 ;
; Remove Redundant Logic Cells                                 ; Off                ; Off                ;
; Remove Duplicate Registers                                   ; On                 ; On                 ;
; Ignore CARRY Buffers                                         ; Off                ; Off                ;
; Ignore CASCADE Buffers                                       ; Off                ; Off                ;
; Ignore GLOBAL Buffers                                        ; Off                ; Off                ;
; Ignore ROW GLOBAL Buffers                                    ; Off                ; Off                ;
; Ignore LCELL Buffers                                         ; Off                ; Off                ;
; Ignore SOFT Buffers                                          ; On                 ; On                 ;
; Limit AHDL Integers to 32 Bits                               ; Off                ; Off                ;
; Optimization Technique                                       ; Balanced           ; Balanced           ;
; Carry Chain Length                                           ; 70                 ; 70                 ;
; Auto Carry Chains                                            ; On                 ; On                 ;
; Auto Open-Drain Pins                                         ; On                 ; On                 ;
; Perform WYSIWYG Primitive Resynthesis                        ; Off                ; Off                ;
; Auto ROM Replacement                                         ; On                 ; On                 ;
; Auto RAM Replacement                                         ; On                 ; On                 ;
; Auto Shift Register Replacement                              ; Auto               ; Auto               ;
; Auto Clock Enable Replacement                                ; On                 ; On                 ;
; Strict RAM Replacement                                       ; Off                ; Off                ;
; Allow Synchronous Control Signals                            ; On                 ; On                 ;
; Force Use of Synchronous Clear Signals                       ; Off                ; Off                ;
; Auto RAM to Logic Cell Conversion                            ; Off                ; Off                ;
; Auto Resource Sharing                                        ; Off                ; Off                ;
; Allow Any RAM Size For Recognition                           ; Off                ; Off                ;
; Allow Any ROM Size For Recognition                           ; Off                ; Off                ;
; Allow Any Shift Register Size For Recognition                ; Off                ; Off                ;
; Use LogicLock Constraints during Resource Balancing          ; On                 ; On                 ;
; Ignore translate_off and synthesis_off directives            ; Off                ; Off                ;
; Timing-Driven Synthesis                                      ; Off                ; Off                ;
; Show Parameter Settings Tables in Synthesis Report           ; On                 ; On                 ;
; Ignore Maximum Fan-Out Assignments                           ; Off                ; Off                ;
; Synchronization Register Chain Length                        ; 2                  ; 2                  ;
; PowerPlay Power Optimization                                 ; Normal compilation ; Normal compilation ;
; HDL message level                                            ; Level2             ; Level2             ;
; Suppress Register Optimization Related Messages              ; Off                ; Off                ;
; Number of Removed Registers Reported in Synthesis Report     ; 100                ; 100                ;
; Number of Inverted Registers Reported in Synthesis Report    ; 100                ; 100                ;
; Clock MUX Protection                                         ; On                 ; On                 ;
; Auto Gated Clock Conversion                                  ; Off                ; Off                ;
; Block Design Naming                                          ; Auto               ; Auto               ;
; SDC constraint protection                                    ; Off                ; Off                ;
; Synthesis Effort                                             ; Auto               ; Auto               ;
; Shift Register Replacement - Allow Asynchronous Clear Signal ; On                 ; On                 ;
; Analysis & Synthesis Message Level                           ; Medium             ; Medium             ;
+--------------------------------------------------------------+--------------------+--------------------+


+----------------------------------------------------------------------------------------------------------------------------------------------------------------------+
; Analysis & Synthesis Source Files Read                                                                                                                               ;
+----------------------------------+-----------------+----------------------------------------+------------------------------------------------------------------------+
; File Name with User-Entered Path ; Used in Netlist ; File Type                              ; File Name with Absolute Path                                           ;
+----------------------------------+-----------------+----------------------------------------+------------------------------------------------------------------------+
; CPU.bdf                          ; yes             ; User Block Diagram/Schematic File      ; C:/Users/86150/Desktop/mylearn/CSexperiment/ex4/CPU.bdf                ;
; ../ex3/memories/sw_pc_ar.vhd     ; yes             ; User VHDL File                         ; C:/Users/86150/Desktop/mylearn/CSexperiment/ex3/memories/sw_pc_ar.vhd  ;
; blocks/aluBus.vhd                ; yes             ; User VHDL File                         ; C:/Users/86150/Desktop/mylearn/CSexperiment/ex4/blocks/aluBus.vhd      ;
; blocks/memories.bdf              ; yes             ; User Block Diagram/Schematic File      ; C:/Users/86150/Desktop/mylearn/CSexperiment/ex4/blocks/memories.bdf    ;
; LPM_RAM_IO.tdf                   ; yes             ; Megafunction                           ; d:/quartus/libraries/megafunctions/LPM_RAM_IO.tdf                      ;
; altram.inc                       ; yes             ; Megafunction                           ; d:/quartus/libraries/megafunctions/altram.inc                          ;
; lpm_mux.inc                      ; yes             ; Megafunction                           ; d:/quartus/libraries/megafunctions/lpm_mux.inc                         ;
; lpm_decode.inc                   ; yes             ; Megafunction                           ; d:/quartus/libraries/megafunctions/lpm_decode.inc                      ;
; aglobal90.inc                    ; yes             ; Megafunction                           ; d:/quartus/libraries/megafunctions/aglobal90.inc                       ;
; altram.tdf                       ; yes             ; Megafunction                           ; d:/quartus/libraries/megafunctions/altram.tdf                          ;
; memmodes.inc                     ; yes             ; Megafunction                           ; d:/quartus/libraries/others/maxplus2/memmodes.inc                      ;
; altsyncram.inc                   ; yes             ; Megafunction                           ; d:/quartus/libraries/megafunctions/altsyncram.inc                      ;
; altqpram.inc                     ; yes             ; Megafunction                           ; d:/quartus/libraries/megafunctions/altqpram.inc                        ;
; altsyncram.tdf                   ; yes             ; Megafunction                           ; d:/quartus/libraries/megafunctions/altsyncram.tdf                      ;
; stratix_ram_block.inc            ; yes             ; Megafunction                           ; d:/quartus/libraries/megafunctions/stratix_ram_block.inc               ;
; a_rdenreg.inc                    ; yes             ; Megafunction                           ; d:/quartus/libraries/megafunctions/a_rdenreg.inc                       ;
; altrom.inc                       ; yes             ; Megafunction                           ; d:/quartus/libraries/megafunctions/altrom.inc                          ;
; altdpram.inc                     ; yes             ; Megafunction                           ; d:/quartus/libraries/megafunctions/altdpram.inc                        ;
; db/altsyncram_k0a1.tdf           ; yes             ; Auto-Generated Megafunction            ; C:/Users/86150/Desktop/mylearn/CSexperiment/ex4/db/altsyncram_k0a1.tdf ;
; ./memories.mif                   ; yes             ; Auto-Found Memory Initialization File  ; C:/Users/86150/Desktop/mylearn/CSexperiment/ex4/memories.mif           ;
+----------------------------------+-----------------+----------------------------------------+------------------------------------------------------------------------+


+-----------------------------------------------------+
; Analysis & Synthesis Resource Usage Summary         ;
+---------------------------------------------+-------+
; Resource                                    ; Usage ;
+---------------------------------------------+-------+
; Estimated Total logic elements              ; 532   ;
;                                             ;       ;
; Total combinational functions               ; 508   ;
; Logic element usage by number of LUT inputs ;       ;
;     -- 4 input functions                    ; 246   ;
;     -- 3 input functions                    ; 116   ;
;     -- <=2 input functions                  ; 146   ;
;                                             ;       ;
; Logic elements by mode                      ;       ;
;     -- normal mode                          ; 347   ;
;     -- arithmetic mode                      ; 161   ;
;                                             ;       ;
; Total registers                             ; 48    ;
;     -- Dedicated logic registers            ; 48    ;
;     -- I/O registers                        ; 0     ;
;                                             ;       ;
; I/O pins                                    ; 38    ;
; Total memory bits                           ; 2048  ;
; Maximum fan-out node                        ; clk   ;
; Maximum fan-out                             ; 56    ;
; Total fan-out                               ; 1877  ;
; Average fan-out                             ; 3.12  ;
+---------------------------------------------+-------+


+----------------------------------------------------------------------------------------------------------------------------------------------------------------------------------------------------------------------------------------------------------------------------------+
; Analysis & Synthesis Resource Utilization by Entity                                                                                                                                                                                                                              ;
+-------------------------------------------------+-------------------+--------------+-------------+--------------+---------+-----------+------+--------------+-----------------------------------------------------------------------------------------------------+--------------+
; Compilation Hierarchy Node                      ; LC Combinationals ; LC Registers ; Memory Bits ; DSP Elements ; DSP 9x9 ; DSP 18x18 ; Pins ; Virtual Pins ; Full Hierarchy Name                                                                                 ; Library Name ;
+-------------------------------------------------+-------------------+--------------+-------------+--------------+---------+-----------+------+--------------+-----------------------------------------------------------------------------------------------------+--------------+
; |CPU                                            ; 508 (0)           ; 48 (0)       ; 2048        ; 0            ; 0       ; 0         ; 38   ; 0            ; |CPU                                                                                                ; work         ;
;    |aluBus:inst|                                ; 472 (472)         ; 32 (32)      ; 0           ; 0            ; 0       ; 0         ; 0    ; 0            ; |CPU|aluBus:inst                                                                                    ; work         ;
;    |memories:inst1|                             ; 36 (0)            ; 16 (0)       ; 2048        ; 0            ; 0       ; 0         ; 0    ; 0            ; |CPU|memories:inst1                                                                                 ; work         ;
;       |lpm_ram_io:inst|                         ; 18 (18)           ; 0 (0)        ; 2048        ; 0            ; 0       ; 0         ; 0    ; 0            ; |CPU|memories:inst1|lpm_ram_io:inst                                                                 ; work         ;
;          |altram:sram|                          ; 0 (0)             ; 0 (0)        ; 2048        ; 0            ; 0       ; 0         ; 0    ; 0            ; |CPU|memories:inst1|lpm_ram_io:inst|altram:sram                                                     ; work         ;
;             |altsyncram:ram_block|              ; 0 (0)             ; 0 (0)        ; 2048        ; 0            ; 0       ; 0         ; 0    ; 0            ; |CPU|memories:inst1|lpm_ram_io:inst|altram:sram|altsyncram:ram_block                                ; work         ;
;                |altsyncram_k0a1:auto_generated| ; 0 (0)             ; 0 (0)        ; 2048        ; 0            ; 0       ; 0         ; 0    ; 0            ; |CPU|memories:inst1|lpm_ram_io:inst|altram:sram|altsyncram:ram_block|altsyncram_k0a1:auto_generated ; work         ;
;       |sw_pc_ar:inst1|                          ; 18 (18)           ; 16 (16)      ; 0           ; 0            ; 0       ; 0         ; 0    ; 0            ; |CPU|memories:inst1|sw_pc_ar:inst1                                                                  ; work         ;
+-------------------------------------------------+-------------------+--------------+-------------+--------------+---------+-----------+------+--------------+-----------------------------------------------------------------------------------------------------+--------------+
Note: For table entries with two numbers listed, the numbers in parentheses indicate the number of resources of the given type used by the specific entity alone. The numbers listed outside of parentheses indicate the total resources of the given type used by the specific entity and all of its sub-entities in the hierarchy.


+--------------------------------------------------------------------------------------------------------------------------------------------------------------------------------------------------------------------+
; Analysis & Synthesis RAM Summary                                                                                                                                                                                   ;
+-----------------------------------------------------------------------------------------------------------+------+-------------+--------------+--------------+--------------+--------------+------+----------------+
; Name                                                                                                      ; Type ; Mode        ; Port A Depth ; Port A Width ; Port B Depth ; Port B Width ; Size ; MIF            ;
+-----------------------------------------------------------------------------------------------------------+------+-------------+--------------+--------------+--------------+--------------+------+----------------+
; memories:inst1|lpm_ram_io:inst|altram:sram|altsyncram:ram_block|altsyncram_k0a1:auto_generated|ALTSYNCRAM ; AUTO ; Single Port ; 256          ; 8            ; --           ; --           ; 2048 ; ./memories.mif ;
+-----------------------------------------------------------------------------------------------------------+------+-------------+--------------+--------------+--------------+--------------+------+----------------+


+------------------------------------------------------------+
; Logic Cells Representing Combinational Loops               ;
+--------------------------------------------------------+---+
; Logic Cell Name                                        ;   ;
+--------------------------------------------------------+---+
; aluBus:inst|bus_Reg~36                                 ;   ;
; aluBus:inst|Mux1~0                                     ;   ;
; aluBus:inst|Mux2~0                                     ;   ;
; aluBus:inst|Mux3~0                                     ;   ;
; aluBus:inst|Mux4~0                                     ;   ;
; aluBus:inst|Mux5~0                                     ;   ;
; aluBus:inst|Mux6~0                                     ;   ;
; aluBus:inst|Mux7~0                                     ;   ;
; Number of logic cells representing combinational loops ; 8 ;
+--------------------------------------------------------+---+
Note: All cells listed above may not be present at the end of synthesis due to various synthesis optimizations.


+------------------------------------------------------+
; General Register Statistics                          ;
+----------------------------------------------+-------+
; Statistic                                    ; Value ;
+----------------------------------------------+-------+
; Total registers                              ; 48    ;
; Number of registers using Synchronous Clear  ; 0     ;
; Number of registers using Synchronous Load   ; 8     ;
; Number of registers using Asynchronous Clear ; 8     ;
; Number of registers using Asynchronous Load  ; 0     ;
; Number of registers using Clock Enable       ; 40    ;
; Number of registers using Preset             ; 0     ;
+----------------------------------------------+-------+


+-------------------------------------------------------------------------------------------------------------------------------------------+
; Multiplexer Restructuring Statistics (Restructuring Performed)                                                                            ;
+--------------------+-----------+---------------+----------------------+------------------------+------------+-----------------------------+
; Multiplexer Inputs ; Bus Width ; Baseline Area ; Area if Restructured ; Saving if Restructured ; Registered ; Example Multiplexer Output  ;
+--------------------+-----------+---------------+----------------------+------------------------+------------+-----------------------------+
; 5:1                ; 8 bits    ; 24 LEs        ; 24 LEs               ; 0 LEs                  ; No         ; |CPU|aluBus:inst|bus_Reg[7] ;
; 52:1               ; 7 bits    ; 238 LEs       ; 168 LEs              ; 70 LEs                 ; No         ; |CPU|aluBus:inst|Mux1       ;
+--------------------+-----------+---------------+----------------------+------------------------+------------+-----------------------------+


+-----------------------------------------------------------------------------------------------------------------------+
; Source assignments for memories:inst1|LPM_RAM_IO:inst|altram:sram|altsyncram:ram_block|altsyncram_k0a1:auto_generated ;
+---------------------------------+--------------------+------+---------------------------------------------------------+
; Assignment                      ; Value              ; From ; To                                                      ;
+---------------------------------+--------------------+------+---------------------------------------------------------+
; OPTIMIZE_POWER_DURING_SYNTHESIS ; NORMAL_COMPILATION ; -    ; -                                                       ;
+---------------------------------+--------------------+------+---------------------------------------------------------+


+-----------------------------------------------------------------------------+
; Parameter Settings for User Entity Instance: memories:inst1|LPM_RAM_IO:inst ;
+------------------------+----------------+-----------------------------------+
; Parameter Name         ; Value          ; Type                              ;
+------------------------+----------------+-----------------------------------+
; LPM_WIDTH              ; 8              ; Signed Integer                    ;
; LPM_WIDTHAD            ; 8              ; Signed Integer                    ;
; LPM_NUMWORDS           ; 256            ; Signed Integer                    ;
; LPM_INDATA             ; REGISTERED     ; Untyped                           ;
; LPM_ADDRESS_CONTROL    ; REGISTERED     ; Untyped                           ;
; LPM_OUTDATA            ; UNREGISTERED   ; Untyped                           ;
; LPM_FILE               ; ./memories.mif ; Untyped                           ;
; USE_EAB                ; ON             ; Untyped                           ;
; DEVICE_FAMILY          ; Cyclone II     ; Untyped                           ;
; AUTO_CARRY_CHAINS      ; ON             ; AUTO_CARRY                        ;
; IGNORE_CARRY_BUFFERS   ; OFF            ; IGNORE_CARRY                      ;
; AUTO_CASCADE_CHAINS    ; ON             ; AUTO_CASCADE                      ;
; IGNORE_CASCADE_BUFFERS ; OFF            ; IGNORE_CASCADE                    ;
+------------------------+----------------+-----------------------------------+
Note: In order to hide this table in the UI and the text report file, please set the "Show Parameter Settings Tables in Synthesis Report" option in "Analysis and Synthesis Settings -> More Settings" to "Off".


+-------------------------------+
; Analysis & Synthesis Messages ;
+-------------------------------+
Info: *******************************************************************
Info: Running Quartus II Analysis & Synthesis
    Info: Version 9.0 Build 184 04/29/2009 Service Pack 1 SJ Web Edition
    Info: Processing started: Sat Mar 13 17:02:47 2021
Info: Command: quartus_map --read_settings_files=on --write_settings_files=off CPU -c CPU
Info: Found 1 design units, including 1 entities, in source file CPU.bdf
    Info: Found entity 1: CPU
Info: Found 2 design units, including 1 entities, in source file ../ex3/memories/sw_pc_ar.vhd
    Info: Found design unit 1: sw_pc_ar-rtl
    Info: Found entity 1: sw_pc_ar
Info: Found 2 design units, including 1 entities, in source file blocks/aluBus.vhd
    Info: Found design unit 1: aluBus-aluBus
    Info: Found entity 1: aluBus
Info: Found 1 design units, including 1 entities, in source file blocks/memories.bdf
    Info: Found entity 1: memories
Info: Elaborating entity "CPU" for the top level hierarchy
Info: Elaborating entity "aluBus" for hierarchy "aluBus:inst"
Info: Elaborating entity "memories" for hierarchy "memories:inst1"
Info: Elaborating entity "sw_pc_ar" for hierarchy "memories:inst1|sw_pc_ar:inst1"
Info: Elaborating entity "LPM_RAM_IO" for hierarchy "memories:inst1|LPM_RAM_IO:inst"
Info: Elaborated megafunction instantiation "memories:inst1|LPM_RAM_IO:inst"
Info: Instantiated megafunction "memories:inst1|LPM_RAM_IO:inst" with the following parameter:
    Info: Parameter "LPM_ADDRESS_CONTROL" = "REGISTERED"
    Info: Parameter "LPM_FILE" = "./memories.mif"
    Info: Parameter "LPM_INDATA" = "REGISTERED"
    Info: Parameter "LPM_NUMWORDS" = "256"
    Info: Parameter "LPM_OUTDATA" = "UNREGISTERED"
    Info: Parameter "LPM_WIDTH" = "8"
    Info: Parameter "LPM_WIDTHAD" = "8"
Info: Elaborating entity "altram" for hierarchy "memories:inst1|LPM_RAM_IO:inst|altram:sram"
Warning: Assertion warning: altram does not support Cyclone II device family -- attempting best-case memory conversions, but power-up states and read during write behavior will be different for Cyclone II devices
Info: Elaborated megafunction instantiation "memories:inst1|LPM_RAM_IO:inst|altram:sram", which is child of megafunction instantiation "memories:inst1|LPM_RAM_IO:inst"
Info: Elaborating entity "altsyncram" for hierarchy "memories:inst1|LPM_RAM_IO:inst|altram:sram|altsyncram:ram_block"
Info: Elaborated megafunction instantiation "memories:inst1|LPM_RAM_IO:inst|altram:sram|altsyncram:ram_block", which is child of megafunction instantiation "memories:inst1|LPM_RAM_IO:inst"
Info: Found 1 design units, including 1 entities, in source file db/altsyncram_k0a1.tdf
    Info: Found entity 1: altsyncram_k0a1
Info: Elaborating entity "altsyncram_k0a1" for hierarchy "memories:inst1|LPM_RAM_IO:inst|altram:sram|altsyncram:ram_block|altsyncram_k0a1:auto_generated"
Info: Implemented 594 device resources after synthesis - the final resource count might be different
    Info: Implemented 30 input pins
    Info: Implemented 0 output pins
    Info: Implemented 8 bidirectional pins
    Info: Implemented 548 logic cells
    Info: Implemented 8 RAM segments
Info: Quartus II Analysis & Synthesis was successful. 0 errors, 1 warning
    Info: Peak virtual memory: 262 megabytes
    Info: Processing ended: Sat Mar 13 17:02:50 2021
    Info: Elapsed time: 00:00:03
    Info: Total CPU time (on all processors): 00:00:03


