Analysis & Synthesis report for control
Tue Mar 23 21:28:13 2021
Quartus II Version 9.0 Build 184 04/29/2009 Service Pack 1 SJ Web Edition


---------------------
; Table of Contents ;
---------------------
  1. Legal Notice
  2. Analysis & Synthesis Summary
  3. Analysis & Synthesis Settings
  4. Analysis & Synthesis Source Files Read
  5. Analysis & Synthesis Resource Usage Summary
  6. Analysis & Synthesis Resource Utilization by Entity
  7. State Machine - |control|shixu:inst|fstate
  8. Registers Removed During Synthesis
  9. General Register Statistics
 10. Multiplexer Restructuring Statistics (Restructuring Performed)
 11. Analysis & Synthesis Messages



----------------
; Legal Notice ;
----------------
Copyright (C) 1991-2009 Altera Corporation
Your use of Altera Corporation's design tools, logic functions 
and other software and tools, and its AMPP partner logic 
functions, and any output files from any of the foregoing 
(including device programming or simulation files), and any 
associated documentation or information are expressly subject 
to the terms and conditions of the Altera Program License 
Subscription Agreement, Altera MegaCore Function License 
Agreement, or other applicable license agreement, including, 
without limitation, that your use is for the sole purpose of 
programming logic devices manufactured by Altera and sold by 
Altera or its authorized distributors.  Please refer to the 
applicable agreement for further details.



+------------------------------------------------------------------------------+
; Analysis & Synthesis Summary                                                 ;
+-------------------------------+----------------------------------------------+
; Analysis & Synthesis Status   ; Successful - Tue Mar 23 21:28:13 2021        ;
; Quartus II Version            ; 9.0 Build 184 04/29/2009 SP 1 SJ Web Edition ;
; Revision Name                 ; control                                      ;
; Top-level Entity Name         ; control                                      ;
; Family                        ; Stratix II                                   ;
; Logic utilization             ; N/A                                          ;
;     Combinational ALUTs       ; 37                                           ;
;     Dedicated logic registers ; 37                                           ;
; Total registers               ; 37                                           ;
; Total pins                    ; 42                                           ;
; Total virtual pins            ; 0                                            ;
; Total block memory bits       ; 0                                            ;
; DSP block 9-bit elements      ; 0                                            ;
; Total PLLs                    ; 0                                            ;
; Total DLLs                    ; 0                                            ;
+-------------------------------+----------------------------------------------+


+--------------------------------------------------------------------------------------------------------+
; Analysis & Synthesis Settings                                                                          ;
+--------------------------------------------------------------+--------------------+--------------------+
; Option                                                       ; Setting            ; Default Value      ;
+--------------------------------------------------------------+--------------------+--------------------+
; Top-level entity name                                        ; control            ; control            ;
; Family name                                                  ; Stratix II         ; Stratix II         ;
; Use Generated Physical Constraints File                      ; Off                ;                    ;
; Use smart compilation                                        ; Off                ; Off                ;
; Restructure Multiplexers                                     ; Auto               ; Auto               ;
; Create Debugging Nodes for IP Cores                          ; Off                ; Off                ;
; Preserve fewer node names                                    ; On                 ; On                 ;
; Disable OpenCore Plus hardware evaluation                    ; Off                ; Off                ;
; Verilog Version                                              ; Verilog_2001       ; Verilog_2001       ;
; VHDL Version                                                 ; VHDL93             ; VHDL93             ;
; State Machine Processing                                     ; Auto               ; Auto               ;
; Safe State Machine                                           ; Off                ; Off                ;
; Extract Verilog State Machines                               ; On                 ; On                 ;
; Extract VHDL State Machines                                  ; On                 ; On                 ;
; Ignore Verilog initial constructs                            ; Off                ; Off                ;
; Iteration limit for constant Verilog loops                   ; 5000               ; 5000               ;
; Iteration limit for non-constant Verilog loops               ; 250                ; 250                ;
; Add Pass-Through Logic to Inferred RAMs                      ; On                 ; On                 ;
; Parallel Synthesis                                           ; Off                ; Off                ;
; DSP Block Balancing                                          ; Auto               ; Auto               ;
; NOT Gate Push-Back                                           ; On                 ; On                 ;
; Power-Up Don't Care                                          ; On                 ; On                 ;
; Remove Redundant Logic Cells                                 ; Off                ; Off                ;
; Remove Duplicate Registers                                   ; On                 ; On                 ;
; Ignore CARRY Buffers                                         ; Off                ; Off                ;
; Ignore CASCADE Buffers                                       ; Off                ; Off                ;
; Ignore GLOBAL Buffers                                        ; Off                ; Off                ;
; Ignore ROW GLOBAL Buffers                                    ; Off                ; Off                ;
; Ignore LCELL Buffers                                         ; Off                ; Off                ;
; Ignore SOFT Buffers                                          ; On                 ; On                 ;
; Limit AHDL Integers to 32 Bits                               ; Off                ; Off                ;
; Optimization Technique                                       ; Balanced           ; Balanced           ;
; Carry Chain Length                                           ; 70                 ; 70                 ;
; Auto Carry Chains                                            ; On                 ; On                 ;
; Auto Open-Drain Pins                                         ; On                 ; On                 ;
; Perform WYSIWYG Primitive Resynthesis                        ; Off                ; Off                ;
; Auto ROM Replacement                                         ; On                 ; On                 ;
; Auto RAM Replacement                                         ; On                 ; On                 ;
; Auto DSP Block Replacement                                   ; On                 ; On                 ;
; Auto Shift Register Replacement                              ; Auto               ; Auto               ;
; Auto Clock Enable Replacement                                ; On                 ; On                 ;
; Strict RAM Replacement                                       ; Off                ; Off                ;
; Allow Synchronous Control Signals                            ; On                 ; On                 ;
; Force Use of Synchronous Clear Signals                       ; Off                ; Off                ;
; Auto RAM Block Balancing                                     ; On                 ; On                 ;
; Auto RAM to Logic Cell Conversion                            ; Off                ; Off                ;
; Auto Resource Sharing                                        ; Off                ; Off                ;
; Allow Any RAM Size For Recognition                           ; Off                ; Off                ;
; Allow Any ROM Size For Recognition                           ; Off                ; Off                ;
; Allow Any Shift Register Size For Recognition                ; Off                ; Off                ;
; Use LogicLock Constraints during Resource Balancing          ; On                 ; On                 ;
; Ignore translate_off and synthesis_off directives            ; Off                ; Off                ;
; Timing-Driven Synthesis                                      ; Off                ; Off                ;
; Show Parameter Settings Tables in Synthesis Report           ; On                 ; On                 ;
; Ignore Maximum Fan-Out Assignments                           ; Off                ; Off                ;
; Synchronization Register Chain Length                        ; 2                  ; 2                  ;
; PowerPlay Power Optimization                                 ; Normal compilation ; Normal compilation ;
; HDL message level                                            ; Level2             ; Level2             ;
; Suppress Register Optimization Related Messages              ; Off                ; Off                ;
; Number of Removed Registers Reported in Synthesis Report     ; 100                ; 100                ;
; Number of Inverted Registers Reported in Synthesis Report    ; 100                ; 100                ;
; Clock MUX Protection                                         ; On                 ; On                 ;
; Auto Gated Clock Conversion                                  ; Off                ; Off                ;
; Block Design Naming                                          ; Auto               ; Auto               ;
; SDC constraint protection                                    ; Off                ; Off                ;
; Synthesis Effort                                             ; Auto               ; Auto               ;
; Shift Register Replacement - Allow Asynchronous Clear Signal ; On                 ; On                 ;
; Analysis & Synthesis Message Level                           ; Medium             ; Medium             ;
+--------------------------------------------------------------+--------------------+--------------------+


+--------------------------------------------------------------------------------------------------------------------------------------------------------------------------+
; Analysis & Synthesis Source Files Read                                                                                                                                   ;
+----------------------------------+-----------------+------------------------------------------+--------------------------------------------------------------------------+
; File Name with User-Entered Path ; Used in Netlist ; File Type                                ; File Name with Absolute Path                                             ;
+----------------------------------+-----------------+------------------------------------------+--------------------------------------------------------------------------+
; blocks/shixu.vhd                 ; yes             ; User VHDL File                           ; C:/Users/86150/Desktop/mylearn/CSexperiment/ex6/control/blocks/shixu.vhd ;
; blocks/rom.vhd                   ; yes             ; User VHDL File                           ; C:/Users/86150/Desktop/mylearn/CSexperiment/ex6/control/blocks/rom.vhd   ;
; control.bdf                      ; yes             ; Auto-Found Block Diagram/Schematic File  ; C:/Users/86150/Desktop/mylearn/CSexperiment/ex6/control/control.bdf      ;
; 7474.bdf                         ; yes             ; Megafunction                             ; d:/quartus/libraries/others/maxplus2/7474.bdf                            ;
; 74244.bdf                        ; yes             ; Megafunction                             ; d:/quartus/libraries/others/maxplus2/74244.bdf                           ;
; 74273.bdf                        ; yes             ; Megafunction                             ; d:/quartus/libraries/others/maxplus2/74273.bdf                           ;
+----------------------------------+-----------------+------------------------------------------+--------------------------------------------------------------------------+


+-------------------------------------------------------+
; Analysis & Synthesis Resource Usage Summary           ;
+-----------------------------------------------+-------+
; Resource                                      ; Usage ;
+-----------------------------------------------+-------+
; Estimated ALUTs Used                          ; 37    ;
; Dedicated logic registers                     ; 37    ;
;                                               ;       ;
; Estimated ALUTs Unavailable                   ; 2     ;
;                                               ;       ;
; Total combinational functions                 ; 37    ;
; Combinational ALUT usage by number of inputs  ;       ;
;     -- 7 input functions                      ; 0     ;
;     -- 6 input functions                      ; 2     ;
;     -- 5 input functions                      ; 22    ;
;     -- 4 input functions                      ; 9     ;
;     -- <=3 input functions                    ; 4     ;
;                                               ;       ;
; Combinational ALUTs by mode                   ;       ;
;     -- normal mode                            ; 37    ;
;     -- extended LUT mode                      ; 0     ;
;     -- arithmetic mode                        ; 0     ;
;     -- shared arithmetic mode                 ; 0     ;
;                                               ;       ;
; Estimated ALUT/register pairs used            ; 44    ;
;                                               ;       ;
; Total registers                               ; 37    ;
;     -- Dedicated logic registers              ; 37    ;
;     -- I/O registers                          ; 0     ;
;                                               ;       ;
; Estimated ALMs:  partially or completely used ; 22    ;
;                                               ;       ;
; I/O pins                                      ; 42    ;
; Maximum fan-out node                          ; CLR   ;
; Maximum fan-out                               ; 29    ;
; Total fan-out                                 ; 304   ;
; Average fan-out                               ; 2.62  ;
+-----------------------------------------------+-------+


+------------------------------------------------------------------------------------------------------------------------------------------------------------------------------------------------+
; Analysis & Synthesis Resource Utilization by Entity                                                                                                                                            ;
+----------------------------+-------------------+--------------+-------------------+--------------+---------+-----------+-----------+------+--------------+----------------------+--------------+
; Compilation Hierarchy Node ; LC Combinationals ; LC Registers ; Block Memory Bits ; DSP Elements ; DSP 9x9 ; DSP 18x18 ; DSP 36x36 ; Pins ; Virtual Pins ; Full Hierarchy Name  ; Library Name ;
+----------------------------+-------------------+--------------+-------------------+--------------+---------+-----------+-----------+------+--------------+----------------------+--------------+
; |control                   ; 37 (4)            ; 37 (0)       ; 0                 ; 0            ; 0       ; 0         ; 0         ; 42   ; 0            ; |control             ; work         ;
;    |74273:inst2|           ; 0 (0)             ; 8 (8)        ; 0                 ; 0            ; 0       ; 0         ; 0         ; 0    ; 0            ; |control|74273:inst2 ; work         ;
;    |74273:inst3|           ; 0 (0)             ; 6 (6)        ; 0                 ; 0            ; 0       ; 0         ; 0         ; 0    ; 0            ; |control|74273:inst3 ; work         ;
;    |74273:inst4|           ; 0 (0)             ; 3 (3)        ; 0                 ; 0            ; 0       ; 0         ; 0         ; 0    ; 0            ; |control|74273:inst4 ; work         ;
;    |74273:inst8|           ; 0 (0)             ; 7 (7)        ; 0                 ; 0            ; 0       ; 0         ; 0         ; 0    ; 0            ; |control|74273:inst8 ; work         ;
;    |7474:inst5|            ; 0 (0)             ; 2 (2)        ; 0                 ; 0            ; 0       ; 0         ; 0         ; 0    ; 0            ; |control|7474:inst5  ; work         ;
;    |7474:inst6|            ; 0 (0)             ; 2 (2)        ; 0                 ; 0            ; 0       ; 0         ; 0         ; 0    ; 0            ; |control|7474:inst6  ; work         ;
;    |7474:inst7|            ; 0 (0)             ; 1 (1)        ; 0                 ; 0            ; 0       ; 0         ; 0         ; 0    ; 0            ; |control|7474:inst7  ; work         ;
;    |rom:inst9|             ; 22 (22)           ; 0 (0)        ; 0                 ; 0            ; 0       ; 0         ; 0         ; 0    ; 0            ; |control|rom:inst9   ; work         ;
;    |shixu:inst|            ; 11 (11)           ; 8 (8)        ; 0                 ; 0            ; 0       ; 0         ; 0         ; 0    ; 0            ; |control|shixu:inst  ; work         ;
+----------------------------+-------------------+--------------+-------------------+--------------+---------+-----------+-----------+------+--------------+----------------------+--------------+
Note: For table entries with two numbers listed, the numbers in parentheses indicate the number of resources of the given type used by the specific entity alone. The numbers listed outside of parentheses indicate the total resources of the given type used by the specific entity and all of its sub-entities in the hierarchy.


Encoding Type:  One-Hot
+-----------------------------------------------------------------------------------------------------------------------------+
; State Machine - |control|shixu:inst|fstate                                                                                  ;
+--------------+--------------+--------------+--------------+------------+------------+------------+------------+-------------+
; Name         ; fstate.s_st4 ; fstate.s_st3 ; fstate.s_st2 ; fstate.st4 ; fstate.st3 ; fstate.st2 ; fstate.st1 ; fstate.idle ;
+--------------+--------------+--------------+--------------+------------+------------+------------+------------+-------------+
; fstate.idle  ; 0            ; 0            ; 0            ; 0          ; 0          ; 0          ; 0          ; 0           ;
; fstate.st1   ; 0            ; 0            ; 0            ; 0          ; 0          ; 0          ; 1          ; 1           ;
; fstate.st2   ; 0            ; 0            ; 0            ; 0          ; 0          ; 1          ; 0          ; 1           ;
; fstate.st3   ; 0            ; 0            ; 0            ; 0          ; 1          ; 0          ; 0          ; 1           ;
; fstate.st4   ; 0            ; 0            ; 0            ; 1          ; 0          ; 0          ; 0          ; 1           ;
; fstate.s_st2 ; 0            ; 0            ; 1            ; 0          ; 0          ; 0          ; 0          ; 1           ;
; fstate.s_st3 ; 0            ; 1            ; 0            ; 0          ; 0          ; 0          ; 0          ; 1           ;
; fstate.s_st4 ; 1            ; 0            ; 0            ; 0          ; 0          ; 0          ; 0          ; 1           ;
+--------------+--------------+--------------+--------------+------------+------------+------------+------------+-------------+


+--------------------------------------------------------------------------------+
; Registers Removed During Synthesis                                             ;
+---------------------------------------+----------------------------------------+
; Register name                         ; Reason for Removal                     ;
+---------------------------------------+----------------------------------------+
; 74273:inst8|18                        ; Stuck at GND due to stuck port data_in ;
; 74273:inst3|18                        ; Stuck at GND due to stuck port data_in ;
; Total Number of Removed Registers = 2 ;                                        ;
+---------------------------------------+----------------------------------------+


+------------------------------------------------------+
; General Register Statistics                          ;
+----------------------------------------------+-------+
; Statistic                                    ; Value ;
+----------------------------------------------+-------+
; Total registers                              ; 37    ;
; Number of registers using Synchronous Clear  ; 1     ;
; Number of registers using Synchronous Load   ; 0     ;
; Number of registers using Asynchronous Clear ; 29    ;
; Number of registers using Asynchronous Load  ; 5     ;
; Number of registers using Clock Enable       ; 0     ;
; Number of registers using Preset             ; 0     ;
+----------------------------------------------+-------+


+------------------------------------------------------------------------------------------------------------------------------------------+
; Multiplexer Restructuring Statistics (Restructuring Performed)                                                                           ;
+--------------------+-----------+---------------+----------------------+------------------------+------------+----------------------------+
; Multiplexer Inputs ; Bus Width ; Baseline Area ; Area if Restructured ; Saving if Restructured ; Registered ; Example Multiplexer Output ;
+--------------------+-----------+---------------+----------------------+------------------------+------------+----------------------------+
; 32:1               ; 2 bits    ; 42 ALUTs      ; 22 ALUTs             ; 20 ALUTs               ; Yes        ; |control|74273:inst2|14    ;
+--------------------+-----------+---------------+----------------------+------------------------+------------+----------------------------+


+-------------------------------+
; Analysis & Synthesis Messages ;
+-------------------------------+
Info: *******************************************************************
Info: Running Quartus II Analysis & Synthesis
    Info: Version 9.0 Build 184 04/29/2009 Service Pack 1 SJ Web Edition
    Info: Processing started: Tue Mar 23 21:28:12 2021
Info: Command: quartus_map --read_settings_files=on --write_settings_files=off control -c control
Info: Found 2 design units, including 1 entities, in source file blocks/shixu.vhd
    Info: Found design unit 1: shixu-BEHAVIOR
    Info: Found entity 1: shixu
Info: Found 2 design units, including 1 entities, in source file blocks/rom.vhd
    Info: Found design unit 1: rom-rom
    Info: Found entity 1: rom
Warning: Can't analyze file -- file C:/Users/86150/Desktop/mylearn/CSexperiment/ex6/control/blocks/control.bdf is missing
Warning: Using design file control.bdf, which is not specified as a design file for the current project, but contains definitions for 1 design units and 1 entities in project
    Info: Found entity 1: control
Info: Elaborating entity "control" for the top level hierarchy
Info: Elaborating entity "7474" for hierarchy "7474:inst7"
Info: Elaborated megafunction instantiation "7474:inst7"
Info: Elaborating entity "shixu" for hierarchy "shixu:inst"
Info: Elaborating entity "rom" for hierarchy "rom:inst9"
Info (10041): Inferred latch for "temp[1]" at rom.vhd(14)
Info (10041): Inferred latch for "temp[2]" at rom.vhd(14)
Info (10041): Inferred latch for "temp[3]" at rom.vhd(14)
Info (10041): Inferred latch for "temp[4]" at rom.vhd(14)
Info (10041): Inferred latch for "temp[5]" at rom.vhd(14)
Info (10041): Inferred latch for "temp[6]" at rom.vhd(14)
Info (10041): Inferred latch for "temp[7]" at rom.vhd(14)
Info (10041): Inferred latch for "temp[8]" at rom.vhd(14)
Info (10041): Inferred latch for "temp[9]" at rom.vhd(14)
Info (10041): Inferred latch for "temp[10]" at rom.vhd(14)
Info (10041): Inferred latch for "temp[11]" at rom.vhd(14)
Info (10041): Inferred latch for "temp[12]" at rom.vhd(14)
Info (10041): Inferred latch for "temp[13]" at rom.vhd(14)
Info (10041): Inferred latch for "temp[14]" at rom.vhd(14)
Info (10041): Inferred latch for "temp[15]" at rom.vhd(14)
Info (10041): Inferred latch for "temp[16]" at rom.vhd(14)
Info (10041): Inferred latch for "temp[17]" at rom.vhd(14)
Info (10041): Inferred latch for "temp[18]" at rom.vhd(14)
Info (10041): Inferred latch for "temp[19]" at rom.vhd(14)
Info (10041): Inferred latch for "temp[20]" at rom.vhd(14)
Info (10041): Inferred latch for "temp[21]" at rom.vhd(14)
Info (10041): Inferred latch for "temp[22]" at rom.vhd(14)
Info (10041): Inferred latch for "temp[23]" at rom.vhd(14)
Info (10041): Inferred latch for "temp[24]" at rom.vhd(14)
Info (10041): Inferred latch for "temp[25]" at rom.vhd(14)
Info (10041): Inferred latch for "temp[26]" at rom.vhd(14)
Info (10041): Inferred latch for "temp[27]" at rom.vhd(14)
Info (10041): Inferred latch for "temp[28]" at rom.vhd(14)
Info: Elaborating entity "74244" for hierarchy "74244:inst1"
Info: Elaborated megafunction instantiation "74244:inst1"
Info: Elaborating entity "74273" for hierarchy "74273:inst3"
Info: Elaborated megafunction instantiation "74273:inst3"
Warning: Tri-state node(s) do not directly drive top-level pin(s)
    Warning: Converted tri-state buffer "74244:inst1|36" feeding internal logic into a wire
    Warning: Converted tri-state buffer "74244:inst1|1" feeding internal logic into a wire
    Warning: Converted tri-state buffer "74244:inst1|6" feeding internal logic into a wire
    Warning: Converted tri-state buffer "74244:inst1|10" feeding internal logic into a wire
    Warning: Converted tri-state buffer "74244:inst1|11" feeding internal logic into a wire
Warning: Output pins are stuck at VCC or GND
    Warning (13410): Pin "S1" is stuck at GND
    Warning (13410): Pin "LDR4" is stuck at GND
Info: Implemented 88 device resources after synthesis - the final resource count might be different
    Info: Implemented 10 input pins
    Info: Implemented 32 output pins
    Info: Implemented 46 logic cells
Info: Quartus II Analysis & Synthesis was successful. 0 errors, 11 warnings
    Info: Peak virtual memory: 257 megabytes
    Info: Processing ended: Tue Mar 23 21:28:13 2021
    Info: Elapsed time: 00:00:01
    Info: Total CPU time (on all processors): 00:00:01


